ERROR - 2026-04-22 01:06:50 --> foreach() argument must be of type array|object, string given
ERROR - 2026-04-22 01:08:54 --> foreach() argument must be of type array|object, string given
ERROR - 2026-04-22 01:13:09 --> foreach() argument must be of type array|object, string given
CRITICAL - 2026-04-22 01:29:34 --> CodeIgniter\Security\Exceptions\SecurityException: The action you requested is not allowed.
[Method: POST, Route: adminsite/ticketing/additionalexpitem/runadd]
in SYSTEMPATH\Security\Security.php on line 263.
 1 SYSTEMPATH\Security\Security.php(263): CodeIgniter\Security\Exceptions\SecurityException::forDisallowedAction()
 2 SYSTEMPATH\Filters\CSRF.php(52): CodeIgniter\Security\Security->verify(Object(CodeIgniter\HTTP\IncomingRequest))
 3 SYSTEMPATH\Filters\Filters.php(241): CodeIgniter\Filters\CSRF->before(Object(CodeIgniter\HTTP\IncomingRequest), null)
 4 SYSTEMPATH\Filters\Filters.php(221): CodeIgniter\Filters\Filters->runBefore([...])
 5 SYSTEMPATH\CodeIgniter.php(465): CodeIgniter\Filters\Filters->run('adminsite/ticketing/additionalexpitem/runadd', 'before')
 6 SYSTEMPATH\CodeIgniter.php(340): CodeIgniter\CodeIgniter->handleRequest(null, Object(Config\Cache), false)
 7 SYSTEMPATH\Boot.php(417): CodeIgniter\CodeIgniter->run()
 8 SYSTEMPATH\Boot.php(68): CodeIgniter\Boot::runCodeIgniter(Object(CodeIgniter\CodeIgniter))
 9 FCPATH\index.php(59): CodeIgniter\Boot::bootWeb(Object(Config\Paths))
CRITICAL - 2026-04-22 01:31:12 --> CodeIgniter\Security\Exceptions\SecurityException: The action you requested is not allowed.
[Method: POST, Route: adminsite/ticketing/additionalexpitem/runadd]
in SYSTEMPATH\Security\Security.php on line 263.
 1 SYSTEMPATH\Security\Security.php(263): CodeIgniter\Security\Exceptions\SecurityException::forDisallowedAction()
 2 SYSTEMPATH\Filters\CSRF.php(52): CodeIgniter\Security\Security->verify(Object(CodeIgniter\HTTP\IncomingRequest))
 3 SYSTEMPATH\Filters\Filters.php(241): CodeIgniter\Filters\CSRF->before(Object(CodeIgniter\HTTP\IncomingRequest), null)
 4 SYSTEMPATH\Filters\Filters.php(221): CodeIgniter\Filters\Filters->runBefore([...])
 5 SYSTEMPATH\CodeIgniter.php(465): CodeIgniter\Filters\Filters->run('adminsite/ticketing/additionalexpitem/runadd', 'before')
 6 SYSTEMPATH\CodeIgniter.php(340): CodeIgniter\CodeIgniter->handleRequest(null, Object(Config\Cache), false)
 7 SYSTEMPATH\Boot.php(417): CodeIgniter\CodeIgniter->run()
 8 SYSTEMPATH\Boot.php(68): CodeIgniter\Boot::runCodeIgniter(Object(CodeIgniter\CodeIgniter))
 9 FCPATH\index.php(59): CodeIgniter\Boot::bootWeb(Object(Config\Paths))
CRITICAL - 2026-04-22 01:31:21 --> CodeIgniter\Security\Exceptions\SecurityException: The action you requested is not allowed.
[Method: POST, Route: adminsite/ticketing/additionalexpitem/runadd]
in SYSTEMPATH\Security\Security.php on line 263.
 1 SYSTEMPATH\Security\Security.php(263): CodeIgniter\Security\Exceptions\SecurityException::forDisallowedAction()
 2 SYSTEMPATH\Filters\CSRF.php(52): CodeIgniter\Security\Security->verify(Object(CodeIgniter\HTTP\IncomingRequest))
 3 SYSTEMPATH\Filters\Filters.php(241): CodeIgniter\Filters\CSRF->before(Object(CodeIgniter\HTTP\IncomingRequest), null)
 4 SYSTEMPATH\Filters\Filters.php(221): CodeIgniter\Filters\Filters->runBefore([...])
 5 SYSTEMPATH\CodeIgniter.php(465): CodeIgniter\Filters\Filters->run('adminsite/ticketing/additionalexpitem/runadd', 'before')
 6 SYSTEMPATH\CodeIgniter.php(340): CodeIgniter\CodeIgniter->handleRequest(null, Object(Config\Cache), false)
 7 SYSTEMPATH\Boot.php(417): CodeIgniter\CodeIgniter->run()
 8 SYSTEMPATH\Boot.php(68): CodeIgniter\Boot::runCodeIgniter(Object(CodeIgniter\CodeIgniter))
 9 FCPATH\index.php(59): CodeIgniter\Boot::bootWeb(Object(Config\Paths))
ERROR - 2026-04-22 01:56:59 --> foreach() argument must be of type array|object, string given
ERROR - 2026-04-22 02:11:05 --> foreach() argument must be of type array|object, string given
ERROR - 2026-04-22 02:13:00 --> foreach() argument must be of type array|object, string given
ERROR - 2026-04-22 10:27:53 --> foreach() argument must be of type array|object, string given
ERROR - 2026-04-22 11:10:41 --> foreach() argument must be of type array|object, string given
ERROR - 2026-04-22 11:11:47 --> foreach() argument must be of type array|object, string given
ERROR - 2026-04-22 11:12:02 --> foreach() argument must be of type array|object, string given
ERROR - 2026-04-22 11:13:58 --> foreach() argument must be of type array|object, string given
ERROR - 2026-04-22 11:14:34 --> foreach() argument must be of type array|object, string given
ERROR - 2026-04-22 11:16:22 --> foreach() argument must be of type array|object, string given
ERROR - 2026-04-22 11:18:22 --> foreach() argument must be of type array|object, string given
ERROR - 2026-04-22 11:23:48 --> foreach() argument must be of type array|object, string given
ERROR - 2026-04-22 11:25:18 --> foreach() argument must be of type array|object, string given
ERROR - 2026-04-22 11:26:48 --> foreach() argument must be of type array|object, string given
ERROR - 2026-04-22 11:27:05 --> foreach() argument must be of type array|object, string given
ERROR - 2026-04-22 11:27:37 --> foreach() argument must be of type array|object, string given
ERROR - 2026-04-22 11:28:48 --> foreach() argument must be of type array|object, string given
ERROR - 2026-04-22 11:29:08 --> foreach() argument must be of type array|object, string given
ERROR - 2026-04-22 11:30:26 --> foreach() argument must be of type array|object, string given
ERROR - 2026-04-22 11:30:38 --> foreach() argument must be of type array|object, string given
ERROR - 2026-04-22 11:31:11 --> foreach() argument must be of type array|object, string given
ERROR - 2026-04-22 11:32:16 --> foreach() argument must be of type array|object, string given
ERROR - 2026-04-22 11:32:56 --> foreach() argument must be of type array|object, string given
ERROR - 2026-04-22 11:33:22 --> foreach() argument must be of type array|object, string given
ERROR - 2026-04-22 11:33:54 --> foreach() argument must be of type array|object, string given
ERROR - 2026-04-22 11:34:42 --> foreach() argument must be of type array|object, string given
ERROR - 2026-04-22 11:35:46 --> foreach() argument must be of type array|object, string given
ERROR - 2026-04-22 11:36:36 --> foreach() argument must be of type array|object, string given
ERROR - 2026-04-22 11:37:34 --> foreach() argument must be of type array|object, string given
ERROR - 2026-04-22 11:47:05 --> foreach() argument must be of type array|object, string given
ERROR - 2026-04-22 11:48:32 --> foreach() argument must be of type array|object, string given
ERROR - 2026-04-22 11:49:16 --> foreach() argument must be of type array|object, string given
ERROR - 2026-04-22 11:49:20 --> foreach() argument must be of type array|object, string given
ERROR - 2026-04-22 11:49:30 --> foreach() argument must be of type array|object, string given
ERROR - 2026-04-22 11:50:15 --> foreach() argument must be of type array|object, string given
ERROR - 2026-04-22 11:50:59 --> foreach() argument must be of type array|object, string given
ERROR - 2026-04-22 11:51:17 --> foreach() argument must be of type array|object, string given
ERROR - 2026-04-22 11:53:23 --> foreach() argument must be of type array|object, string given
ERROR - 2026-04-22 11:53:26 --> foreach() argument must be of type array|object, string given
ERROR - 2026-04-22 11:54:30 --> foreach() argument must be of type array|object, string given
ERROR - 2026-04-22 11:55:19 --> foreach() argument must be of type array|object, string given
CRITICAL - 2026-04-22 15:24:44 --> ErrorException: Undefined array key "desc_en"
[Method: GET, Route: en/kunjungan/panduan-aksesibilitas]
in APPPATH\Views\landingen\kunjunganpanduan.php on line 77.
 1 APPPATH\Views\landingen\kunjunganpanduan.php(77): CodeIgniter\Debug\Exceptions->errorHandler(2, 'Undefined array key "desc_en"', 'C:\\xampp\\htdocs\\bxsea\\app\\Views\\landingen\\kunjunganpanduan.php', 77)
 2 SYSTEMPATH\View\View.php(238): include('C:\\xampp\\htdocs\\bxsea\\app\\Views\\landingen\\kunjunganpanduan.php')
 3 SYSTEMPATH\View\View.php(241): CodeIgniter\View\View->CodeIgniter\View\{closure}()
 4 SYSTEMPATH\Common.php(1250): CodeIgniter\View\View->render('landingen/kunjunganpanduan', [], true)
 5 APPPATH\Controllers\LandingEn.php(226): view('landingen/kunjunganpanduan', [...])
 6 SYSTEMPATH\CodeIgniter.php(951): App\Controllers\LandingEn->kunjunganpanduan()
 7 SYSTEMPATH\CodeIgniter.php(497): CodeIgniter\CodeIgniter->runController(Object(App\Controllers\LandingEn))
 8 SYSTEMPATH\CodeIgniter.php(340): CodeIgniter\CodeIgniter->handleRequest(null, Object(Config\Cache), false)
 9 SYSTEMPATH\Boot.php(417): CodeIgniter\CodeIgniter->run()
10 SYSTEMPATH\Boot.php(68): CodeIgniter\Boot::runCodeIgniter(Object(CodeIgniter\CodeIgniter))
11 FCPATH\index.php(59): CodeIgniter\Boot::bootWeb(Object(Config\Paths))
CRITICAL - 2026-04-22 15:27:17 --> ErrorException: Undefined variable $guideHeroTitle
[Method: GET, Route: id/kunjungan/panduan-aksesibilitas]
in APPPATH\Views\landingid\kunjunganpanduan.php on line 55.
 1 APPPATH\Views\landingid\kunjunganpanduan.php(55): CodeIgniter\Debug\Exceptions->errorHandler(2, 'Undefined variable $guideHeroTitle', 'C:\\xampp\\htdocs\\bxsea\\app\\Views\\landingid\\kunjunganpanduan.php', 55)
 2 SYSTEMPATH\View\View.php(238): include('C:\\xampp\\htdocs\\bxsea\\app\\Views\\landingid\\kunjunganpanduan.php')
 3 SYSTEMPATH\View\View.php(241): CodeIgniter\View\View->CodeIgniter\View\{closure}()
 4 SYSTEMPATH\Common.php(1250): CodeIgniter\View\View->render('landingid/kunjunganpanduan', [], true)
 5 APPPATH\Controllers\Landing.php(228): view('landingid/kunjunganpanduan', [...])
 6 SYSTEMPATH\CodeIgniter.php(951): App\Controllers\Landing->kunjunganpanduan()
 7 SYSTEMPATH\CodeIgniter.php(497): CodeIgniter\CodeIgniter->runController(Object(App\Controllers\Landing))
 8 SYSTEMPATH\CodeIgniter.php(340): CodeIgniter\CodeIgniter->handleRequest(null, Object(Config\Cache), false)
 9 SYSTEMPATH\Boot.php(417): CodeIgniter\CodeIgniter->run()
10 SYSTEMPATH\Boot.php(68): CodeIgniter\Boot::runCodeIgniter(Object(CodeIgniter\CodeIgniter))
11 FCPATH\index.php(59): CodeIgniter\Boot::bootWeb(Object(Config\Paths))
CRITICAL - 2026-04-22 17:36:35 --> ParseError: syntax error, unexpected token "endif"
[Method: GET, Route: id/kunjungan/tenant]
in APPPATH\Views\landingid\kunjungantenant.php on line 79.
 1 SYSTEMPATH\View\View.php(241): CodeIgniter\View\View->CodeIgniter\View\{closure}()
 2 SYSTEMPATH\Common.php(1250): CodeIgniter\View\View->render('landingid/kunjungantenant', [], true)
 3 APPPATH\Controllers\Landing.php(243): view('landingid/kunjungantenant', [...])
 4 SYSTEMPATH\CodeIgniter.php(951): App\Controllers\Landing->kunjungantenant()
 5 SYSTEMPATH\CodeIgniter.php(497): CodeIgniter\CodeIgniter->runController(Object(App\Controllers\Landing))
 6 SYSTEMPATH\CodeIgniter.php(340): CodeIgniter\CodeIgniter->handleRequest(null, Object(Config\Cache), false)
 7 SYSTEMPATH\Boot.php(417): CodeIgniter\CodeIgniter->run()
 8 SYSTEMPATH\Boot.php(68): CodeIgniter\Boot::runCodeIgniter(Object(CodeIgniter\CodeIgniter))
 9 FCPATH\index.php(59): CodeIgniter\Boot::bootWeb(Object(Config\Paths))
CRITICAL - 2026-04-22 17:38:29 --> ParseError: syntax error, unexpected token "endif"
[Method: GET, Route: id/kunjungan/tenant]
in APPPATH\Views\landingid\kunjungantenant.php on line 79.
 1 SYSTEMPATH\View\View.php(241): CodeIgniter\View\View->CodeIgniter\View\{closure}()
 2 SYSTEMPATH\Common.php(1250): CodeIgniter\View\View->render('landingid/kunjungantenant', [], true)
 3 APPPATH\Controllers\Landing.php(243): view('landingid/kunjungantenant', [...])
 4 SYSTEMPATH\CodeIgniter.php(951): App\Controllers\Landing->kunjungantenant()
 5 SYSTEMPATH\CodeIgniter.php(497): CodeIgniter\CodeIgniter->runController(Object(App\Controllers\Landing))
 6 SYSTEMPATH\CodeIgniter.php(340): CodeIgniter\CodeIgniter->handleRequest(null, Object(Config\Cache), false)
 7 SYSTEMPATH\Boot.php(417): CodeIgniter\CodeIgniter->run()
 8 SYSTEMPATH\Boot.php(68): CodeIgniter\Boot::runCodeIgniter(Object(CodeIgniter\CodeIgniter))
 9 FCPATH\index.php(59): CodeIgniter\Boot::bootWeb(Object(Config\Paths))
