CRITICAL - 2026-04-23 10:59:59 --> ErrorException: Undefined variable $normalizeTenantText
[Method: GET, Route: en/kunjungan/tenant]
in APPPATH\Views\landingen\kunjungantenant.php on line 77.
 1 APPPATH\Views\landingen\kunjungantenant.php(77): CodeIgniter\Debug\Exceptions->errorHandler(2, 'Undefined variable $normalizeTenantText', 'C:\\xampp\\htdocs\\bxsea\\app\\Views\\landingen\\kunjungantenant.php', 77)
 2 SYSTEMPATH\View\View.php(238): include('C:\\xampp\\htdocs\\bxsea\\app\\Views\\landingen\\kunjungantenant.php')
 3 SYSTEMPATH\View\View.php(241): CodeIgniter\View\View->CodeIgniter\View\{closure}()
 4 SYSTEMPATH\Common.php(1250): CodeIgniter\View\View->render('landingen/kunjungantenant', [], true)
 5 APPPATH\Controllers\LandingEn.php(240): view('landingen/kunjungantenant', [...])
 6 SYSTEMPATH\CodeIgniter.php(951): App\Controllers\LandingEn->kunjungantenant()
 7 SYSTEMPATH\CodeIgniter.php(497): CodeIgniter\CodeIgniter->runController(Object(App\Controllers\LandingEn))
 8 SYSTEMPATH\CodeIgniter.php(340): CodeIgniter\CodeIgniter->handleRequest(null, Object(Config\Cache), false)
 9 SYSTEMPATH\Boot.php(417): CodeIgniter\CodeIgniter->run()
10 SYSTEMPATH\Boot.php(68): CodeIgniter\Boot::runCodeIgniter(Object(CodeIgniter\CodeIgniter))
11 FCPATH\index.php(59): CodeIgniter\Boot::bootWeb(Object(Config\Paths))
ERROR - 2026-04-23 18:22:27 --> Table 'db_bxsea.tbl_visitvisitorpage' doesn't exist
in SYSTEMPATH\Database\MySQLi\Connection.php on line 300.
 1 SYSTEMPATH\Database\MySQLi\Connection.php(300): mysqli->query('SELECT *
FROM `tbl_visitvisitorpage`
ORDER BY `visitorpage_id` ASC', 0)
 2 SYSTEMPATH\Database\BaseConnection.php(769): CodeIgniter\Database\MySQLi\Connection->execute('SELECT *
FROM `tbl_visitvisitorpage`
ORDER BY `visitorpage_id` ASC')
 3 SYSTEMPATH\Database\BaseConnection.php(686): CodeIgniter\Database\BaseConnection->simpleQuery('SELECT *
FROM `tbl_visitvisitorpage`
ORDER BY `visitorpage_id` ASC')
 4 SYSTEMPATH\Database\BaseBuilder.php(1649): CodeIgniter\Database\BaseConnection->query('SELECT *
FROM `tbl_visitvisitorpage`
ORDER BY `visitorpage_id` ASC', [], false)
 5 APPPATH\Models\Crud.php(105): CodeIgniter\Database\BaseBuilder->get()
 6 APPPATH\Controllers\Landing.php(440): App\Models\Crud->readData('*', 'tbl_visitvisitorpage', '', '', '', '', [...], '')
 7 SYSTEMPATH\CodeIgniter.php(951): App\Controllers\Landing->kunjunganinfopengunjung()
 8 SYSTEMPATH\CodeIgniter.php(497): CodeIgniter\CodeIgniter->runController(Object(App\Controllers\Landing))
 9 SYSTEMPATH\CodeIgniter.php(340): CodeIgniter\CodeIgniter->handleRequest(null, Object(Config\Cache), false)
10 SYSTEMPATH\Boot.php(417): CodeIgniter\CodeIgniter->run()
11 SYSTEMPATH\Boot.php(68): CodeIgniter\Boot::runCodeIgniter(Object(CodeIgniter\CodeIgniter))
12 FCPATH\index.php(59): CodeIgniter\Boot::bootWeb(Object(Config\Paths))
ERROR - 2026-04-23 18:31:22 --> Table 'db_bxsea.tbl_visitvisitorpage' doesn't exist
in SYSTEMPATH\Database\MySQLi\Connection.php on line 300.
 1 SYSTEMPATH\Database\MySQLi\Connection.php(300): mysqli->query('SELECT *
FROM `tbl_visitvisitorpage`
ORDER BY `visitorpage_id` ASC', 0)
 2 SYSTEMPATH\Database\BaseConnection.php(769): CodeIgniter\Database\MySQLi\Connection->execute('SELECT *
FROM `tbl_visitvisitorpage`
ORDER BY `visitorpage_id` ASC')
 3 SYSTEMPATH\Database\BaseConnection.php(686): CodeIgniter\Database\BaseConnection->simpleQuery('SELECT *
FROM `tbl_visitvisitorpage`
ORDER BY `visitorpage_id` ASC')
 4 SYSTEMPATH\Database\BaseBuilder.php(1649): CodeIgniter\Database\BaseConnection->query('SELECT *
FROM `tbl_visitvisitorpage`
ORDER BY `visitorpage_id` ASC', [], false)
 5 APPPATH\Models\Crud.php(105): CodeIgniter\Database\BaseBuilder->get()
 6 APPPATH\Controllers\AdminVisit.php(1803): App\Models\Crud->readData('*', 'tbl_visitvisitorpage', '', '', '', '', [...], '')
 7 SYSTEMPATH\CodeIgniter.php(951): App\Controllers\AdminVisit->visitorpage_welcome()
 8 SYSTEMPATH\CodeIgniter.php(497): CodeIgniter\CodeIgniter->runController(Object(App\Controllers\AdminVisit))
 9 SYSTEMPATH\CodeIgniter.php(340): CodeIgniter\CodeIgniter->handleRequest(null, Object(Config\Cache), false)
10 SYSTEMPATH\Boot.php(417): CodeIgniter\CodeIgniter->run()
11 SYSTEMPATH\Boot.php(68): CodeIgniter\Boot::runCodeIgniter(Object(CodeIgniter\CodeIgniter))
12 FCPATH\index.php(59): CodeIgniter\Boot::bootWeb(Object(Config\Paths))
ERROR - 2026-04-23 18:31:27 --> Table 'db_bxsea.tbl_visitvisitorpage' doesn't exist
in SYSTEMPATH\Database\MySQLi\Connection.php on line 300.
 1 SYSTEMPATH\Database\MySQLi\Connection.php(300): mysqli->query('SELECT *
FROM `tbl_visitvisitorpage`
ORDER BY `visitorpage_id` ASC', 0)
 2 SYSTEMPATH\Database\BaseConnection.php(769): CodeIgniter\Database\MySQLi\Connection->execute('SELECT *
FROM `tbl_visitvisitorpage`
ORDER BY `visitorpage_id` ASC')
 3 SYSTEMPATH\Database\BaseConnection.php(686): CodeIgniter\Database\BaseConnection->simpleQuery('SELECT *
FROM `tbl_visitvisitorpage`
ORDER BY `visitorpage_id` ASC')
 4 SYSTEMPATH\Database\BaseBuilder.php(1649): CodeIgniter\Database\BaseConnection->query('SELECT *
FROM `tbl_visitvisitorpage`
ORDER BY `visitorpage_id` ASC', [], false)
 5 APPPATH\Models\Crud.php(105): CodeIgniter\Database\BaseBuilder->get()
 6 APPPATH\Controllers\AdminVisit.php(1803): App\Models\Crud->readData('*', 'tbl_visitvisitorpage', '', '', '', '', [...], '')
 7 SYSTEMPATH\CodeIgniter.php(951): App\Controllers\AdminVisit->visitorpage_welcome()
 8 SYSTEMPATH\CodeIgniter.php(497): CodeIgniter\CodeIgniter->runController(Object(App\Controllers\AdminVisit))
 9 SYSTEMPATH\CodeIgniter.php(340): CodeIgniter\CodeIgniter->handleRequest(null, Object(Config\Cache), false)
10 SYSTEMPATH\Boot.php(417): CodeIgniter\CodeIgniter->run()
11 SYSTEMPATH\Boot.php(68): CodeIgniter\Boot::runCodeIgniter(Object(CodeIgniter\CodeIgniter))
12 FCPATH\index.php(59): CodeIgniter\Boot::bootWeb(Object(Config\Paths))
ERROR - 2026-04-23 18:31:34 --> Table 'db_bxsea.tbl_visitvisitorpage' doesn't exist
in SYSTEMPATH\Database\MySQLi\Connection.php on line 300.
 1 SYSTEMPATH\Database\MySQLi\Connection.php(300): mysqli->query('SELECT *
FROM `tbl_visitvisitorpage`
ORDER BY `visitorpage_id` ASC', 0)
 2 SYSTEMPATH\Database\BaseConnection.php(769): CodeIgniter\Database\MySQLi\Connection->execute('SELECT *
FROM `tbl_visitvisitorpage`
ORDER BY `visitorpage_id` ASC')
 3 SYSTEMPATH\Database\BaseConnection.php(686): CodeIgniter\Database\BaseConnection->simpleQuery('SELECT *
FROM `tbl_visitvisitorpage`
ORDER BY `visitorpage_id` ASC')
 4 SYSTEMPATH\Database\BaseBuilder.php(1649): CodeIgniter\Database\BaseConnection->query('SELECT *
FROM `tbl_visitvisitorpage`
ORDER BY `visitorpage_id` ASC', [], false)
 5 APPPATH\Models\Crud.php(105): CodeIgniter\Database\BaseBuilder->get()
 6 APPPATH\Controllers\AdminVisit.php(1816): App\Models\Crud->readData('*', 'tbl_visitvisitorpage', '', '', '', '', [...], '')
 7 SYSTEMPATH\CodeIgniter.php(951): App\Controllers\AdminVisit->visitorpage_guide()
 8 SYSTEMPATH\CodeIgniter.php(497): CodeIgniter\CodeIgniter->runController(Object(App\Controllers\AdminVisit))
 9 SYSTEMPATH\CodeIgniter.php(340): CodeIgniter\CodeIgniter->handleRequest(null, Object(Config\Cache), false)
10 SYSTEMPATH\Boot.php(417): CodeIgniter\CodeIgniter->run()
11 SYSTEMPATH\Boot.php(68): CodeIgniter\Boot::runCodeIgniter(Object(CodeIgniter\CodeIgniter))
12 FCPATH\index.php(59): CodeIgniter\Boot::bootWeb(Object(Config\Paths))
ERROR - 2026-04-23 18:35:20 --> Table 'db_bxsea.tbl_visitvisitorpage' doesn't exist
in SYSTEMPATH\Database\MySQLi\Connection.php on line 300.
 1 SYSTEMPATH\Database\MySQLi\Connection.php(300): mysqli->query('SELECT *
FROM `tbl_visitvisitorpage`
ORDER BY `visitorpage_id` ASC', 0)
 2 SYSTEMPATH\Database\BaseConnection.php(769): CodeIgniter\Database\MySQLi\Connection->execute('SELECT *
FROM `tbl_visitvisitorpage`
ORDER BY `visitorpage_id` ASC')
 3 SYSTEMPATH\Database\BaseConnection.php(686): CodeIgniter\Database\BaseConnection->simpleQuery('SELECT *
FROM `tbl_visitvisitorpage`
ORDER BY `visitorpage_id` ASC')
 4 SYSTEMPATH\Database\BaseBuilder.php(1649): CodeIgniter\Database\BaseConnection->query('SELECT *
FROM `tbl_visitvisitorpage`
ORDER BY `visitorpage_id` ASC', [], false)
 5 APPPATH\Models\Crud.php(105): CodeIgniter\Database\BaseBuilder->get()
 6 APPPATH\Controllers\AdminVisit.php(1816): App\Models\Crud->readData('*', 'tbl_visitvisitorpage', '', '', '', '', [...], '')
 7 SYSTEMPATH\CodeIgniter.php(951): App\Controllers\AdminVisit->visitorpage_guide()
 8 SYSTEMPATH\CodeIgniter.php(497): CodeIgniter\CodeIgniter->runController(Object(App\Controllers\AdminVisit))
 9 SYSTEMPATH\CodeIgniter.php(340): CodeIgniter\CodeIgniter->handleRequest(null, Object(Config\Cache), false)
10 SYSTEMPATH\Boot.php(417): CodeIgniter\CodeIgniter->run()
11 SYSTEMPATH\Boot.php(68): CodeIgniter\Boot::runCodeIgniter(Object(CodeIgniter\CodeIgniter))
12 FCPATH\index.php(59): CodeIgniter\Boot::bootWeb(Object(Config\Paths))
ERROR - 2026-04-23 18:35:46 --> Table 'db_bxsea.tbl_visitvisitorpage' doesn't exist
in SYSTEMPATH\Database\MySQLi\Connection.php on line 300.
 1 SYSTEMPATH\Database\MySQLi\Connection.php(300): mysqli->query('SELECT *
FROM `tbl_visitvisitorpage`
ORDER BY `visitorpage_id` ASC', 0)
 2 SYSTEMPATH\Database\BaseConnection.php(769): CodeIgniter\Database\MySQLi\Connection->execute('SELECT *
FROM `tbl_visitvisitorpage`
ORDER BY `visitorpage_id` ASC')
 3 SYSTEMPATH\Database\BaseConnection.php(686): CodeIgniter\Database\BaseConnection->simpleQuery('SELECT *
FROM `tbl_visitvisitorpage`
ORDER BY `visitorpage_id` ASC')
 4 SYSTEMPATH\Database\BaseBuilder.php(1649): CodeIgniter\Database\BaseConnection->query('SELECT *
FROM `tbl_visitvisitorpage`
ORDER BY `visitorpage_id` ASC', [], false)
 5 APPPATH\Models\Crud.php(105): CodeIgniter\Database\BaseBuilder->get()
 6 APPPATH\Controllers\AdminVisit.php(1803): App\Models\Crud->readData('*', 'tbl_visitvisitorpage', '', '', '', '', [...], '')
 7 SYSTEMPATH\CodeIgniter.php(951): App\Controllers\AdminVisit->visitorpage_welcome()
 8 SYSTEMPATH\CodeIgniter.php(497): CodeIgniter\CodeIgniter->runController(Object(App\Controllers\AdminVisit))
 9 SYSTEMPATH\CodeIgniter.php(340): CodeIgniter\CodeIgniter->handleRequest(null, Object(Config\Cache), false)
10 SYSTEMPATH\Boot.php(417): CodeIgniter\CodeIgniter->run()
11 SYSTEMPATH\Boot.php(68): CodeIgniter\Boot::runCodeIgniter(Object(CodeIgniter\CodeIgniter))
12 FCPATH\index.php(59): CodeIgniter\Boot::bootWeb(Object(Config\Paths))
ERROR - 2026-04-23 18:35:51 --> Table 'db_bxsea.tbl_visitvisitorpage' doesn't exist
in SYSTEMPATH\Database\MySQLi\Connection.php on line 300.
 1 SYSTEMPATH\Database\MySQLi\Connection.php(300): mysqli->query('SELECT *
FROM `tbl_visitvisitorpage`
ORDER BY `visitorpage_id` ASC', 0)
 2 SYSTEMPATH\Database\BaseConnection.php(769): CodeIgniter\Database\MySQLi\Connection->execute('SELECT *
FROM `tbl_visitvisitorpage`
ORDER BY `visitorpage_id` ASC')
 3 SYSTEMPATH\Database\BaseConnection.php(686): CodeIgniter\Database\BaseConnection->simpleQuery('SELECT *
FROM `tbl_visitvisitorpage`
ORDER BY `visitorpage_id` ASC')
 4 SYSTEMPATH\Database\BaseBuilder.php(1649): CodeIgniter\Database\BaseConnection->query('SELECT *
FROM `tbl_visitvisitorpage`
ORDER BY `visitorpage_id` ASC', [], false)
 5 APPPATH\Models\Crud.php(105): CodeIgniter\Database\BaseBuilder->get()
 6 APPPATH\Controllers\AdminVisit.php(1816): App\Models\Crud->readData('*', 'tbl_visitvisitorpage', '', '', '', '', [...], '')
 7 SYSTEMPATH\CodeIgniter.php(951): App\Controllers\AdminVisit->visitorpage_guide()
 8 SYSTEMPATH\CodeIgniter.php(497): CodeIgniter\CodeIgniter->runController(Object(App\Controllers\AdminVisit))
 9 SYSTEMPATH\CodeIgniter.php(340): CodeIgniter\CodeIgniter->handleRequest(null, Object(Config\Cache), false)
10 SYSTEMPATH\Boot.php(417): CodeIgniter\CodeIgniter->run()
11 SYSTEMPATH\Boot.php(68): CodeIgniter\Boot::runCodeIgniter(Object(CodeIgniter\CodeIgniter))
12 FCPATH\index.php(59): CodeIgniter\Boot::bootWeb(Object(Config\Paths))
ERROR - 2026-04-23 18:36:01 --> Table 'db_bxsea.tbl_visitvisitorpage' doesn't exist
in SYSTEMPATH\Database\MySQLi\Connection.php on line 300.
 1 SYSTEMPATH\Database\MySQLi\Connection.php(300): mysqli->query('SELECT *
FROM `tbl_visitvisitorpage`
ORDER BY `visitorpage_id` ASC', 0)
 2 SYSTEMPATH\Database\BaseConnection.php(769): CodeIgniter\Database\MySQLi\Connection->execute('SELECT *
FROM `tbl_visitvisitorpage`
ORDER BY `visitorpage_id` ASC')
 3 SYSTEMPATH\Database\BaseConnection.php(686): CodeIgniter\Database\BaseConnection->simpleQuery('SELECT *
FROM `tbl_visitvisitorpage`
ORDER BY `visitorpage_id` ASC')
 4 SYSTEMPATH\Database\BaseBuilder.php(1649): CodeIgniter\Database\BaseConnection->query('SELECT *
FROM `tbl_visitvisitorpage`
ORDER BY `visitorpage_id` ASC', [], false)
 5 APPPATH\Models\Crud.php(105): CodeIgniter\Database\BaseBuilder->get()
 6 APPPATH\Controllers\AdminVisit.php(1803): App\Models\Crud->readData('*', 'tbl_visitvisitorpage', '', '', '', '', [...], '')
 7 SYSTEMPATH\CodeIgniter.php(951): App\Controllers\AdminVisit->visitorpage_welcome()
 8 SYSTEMPATH\CodeIgniter.php(497): CodeIgniter\CodeIgniter->runController(Object(App\Controllers\AdminVisit))
 9 SYSTEMPATH\CodeIgniter.php(340): CodeIgniter\CodeIgniter->handleRequest(null, Object(Config\Cache), false)
10 SYSTEMPATH\Boot.php(417): CodeIgniter\CodeIgniter->run()
11 SYSTEMPATH\Boot.php(68): CodeIgniter\Boot::runCodeIgniter(Object(CodeIgniter\CodeIgniter))
12 FCPATH\index.php(59): CodeIgniter\Boot::bootWeb(Object(Config\Paths))
ERROR - 2026-04-23 18:37:19 --> Table 'db_bxsea.tbl_visitvisitorpage' doesn't exist
in SYSTEMPATH\Database\MySQLi\Connection.php on line 300.
 1 SYSTEMPATH\Database\MySQLi\Connection.php(300): mysqli->query('SELECT *
FROM `tbl_visitvisitorpage`
ORDER BY `visitorpage_id` ASC', 0)
 2 SYSTEMPATH\Database\BaseConnection.php(769): CodeIgniter\Database\MySQLi\Connection->execute('SELECT *
FROM `tbl_visitvisitorpage`
ORDER BY `visitorpage_id` ASC')
 3 SYSTEMPATH\Database\BaseConnection.php(686): CodeIgniter\Database\BaseConnection->simpleQuery('SELECT *
FROM `tbl_visitvisitorpage`
ORDER BY `visitorpage_id` ASC')
 4 SYSTEMPATH\Database\BaseBuilder.php(1649): CodeIgniter\Database\BaseConnection->query('SELECT *
FROM `tbl_visitvisitorpage`
ORDER BY `visitorpage_id` ASC', [], false)
 5 APPPATH\Models\Crud.php(105): CodeIgniter\Database\BaseBuilder->get()
 6 APPPATH\Controllers\AdminVisit.php(1803): App\Models\Crud->readData('*', 'tbl_visitvisitorpage', '', '', '', '', [...], '')
 7 SYSTEMPATH\CodeIgniter.php(951): App\Controllers\AdminVisit->visitorpage_welcome()
 8 SYSTEMPATH\CodeIgniter.php(497): CodeIgniter\CodeIgniter->runController(Object(App\Controllers\AdminVisit))
 9 SYSTEMPATH\CodeIgniter.php(340): CodeIgniter\CodeIgniter->handleRequest(null, Object(Config\Cache), false)
10 SYSTEMPATH\Boot.php(417): CodeIgniter\CodeIgniter->run()
11 SYSTEMPATH\Boot.php(68): CodeIgniter\Boot::runCodeIgniter(Object(CodeIgniter\CodeIgniter))
12 FCPATH\index.php(59): CodeIgniter\Boot::bootWeb(Object(Config\Paths))
ERROR - 2026-04-23 18:37:24 --> Table 'db_bxsea.tbl_visitvisitorpage' doesn't exist
in SYSTEMPATH\Database\MySQLi\Connection.php on line 300.
 1 SYSTEMPATH\Database\MySQLi\Connection.php(300): mysqli->query('SELECT *
FROM `tbl_visitvisitorpage`
ORDER BY `visitorpage_id` ASC', 0)
 2 SYSTEMPATH\Database\BaseConnection.php(769): CodeIgniter\Database\MySQLi\Connection->execute('SELECT *
FROM `tbl_visitvisitorpage`
ORDER BY `visitorpage_id` ASC')
 3 SYSTEMPATH\Database\BaseConnection.php(686): CodeIgniter\Database\BaseConnection->simpleQuery('SELECT *
FROM `tbl_visitvisitorpage`
ORDER BY `visitorpage_id` ASC')
 4 SYSTEMPATH\Database\BaseBuilder.php(1649): CodeIgniter\Database\BaseConnection->query('SELECT *
FROM `tbl_visitvisitorpage`
ORDER BY `visitorpage_id` ASC', [], false)
 5 APPPATH\Models\Crud.php(105): CodeIgniter\Database\BaseBuilder->get()
 6 APPPATH\Controllers\AdminVisit.php(1816): App\Models\Crud->readData('*', 'tbl_visitvisitorpage', '', '', '', '', [...], '')
 7 SYSTEMPATH\CodeIgniter.php(951): App\Controllers\AdminVisit->visitorpage_guide()
 8 SYSTEMPATH\CodeIgniter.php(497): CodeIgniter\CodeIgniter->runController(Object(App\Controllers\AdminVisit))
 9 SYSTEMPATH\CodeIgniter.php(340): CodeIgniter\CodeIgniter->handleRequest(null, Object(Config\Cache), false)
10 SYSTEMPATH\Boot.php(417): CodeIgniter\CodeIgniter->run()
11 SYSTEMPATH\Boot.php(68): CodeIgniter\Boot::runCodeIgniter(Object(CodeIgniter\CodeIgniter))
12 FCPATH\index.php(59): CodeIgniter\Boot::bootWeb(Object(Config\Paths))
ERROR - 2026-04-23 18:38:09 --> Table 'db_bxsea.tbl_visitvisitorpage' doesn't exist
in SYSTEMPATH\Database\MySQLi\Connection.php on line 300.
 1 SYSTEMPATH\Database\MySQLi\Connection.php(300): mysqli->query('SELECT *
FROM `tbl_visitvisitorpage`
ORDER BY `visitorpage_id` ASC', 0)
 2 SYSTEMPATH\Database\BaseConnection.php(769): CodeIgniter\Database\MySQLi\Connection->execute('SELECT *
FROM `tbl_visitvisitorpage`
ORDER BY `visitorpage_id` ASC')
 3 SYSTEMPATH\Database\BaseConnection.php(686): CodeIgniter\Database\BaseConnection->simpleQuery('SELECT *
FROM `tbl_visitvisitorpage`
ORDER BY `visitorpage_id` ASC')
 4 SYSTEMPATH\Database\BaseBuilder.php(1649): CodeIgniter\Database\BaseConnection->query('SELECT *
FROM `tbl_visitvisitorpage`
ORDER BY `visitorpage_id` ASC', [], false)
 5 APPPATH\Models\Crud.php(105): CodeIgniter\Database\BaseBuilder->get()
 6 APPPATH\Controllers\AdminVisit.php(1803): App\Models\Crud->readData('*', 'tbl_visitvisitorpage', '', '', '', '', [...], '')
 7 SYSTEMPATH\CodeIgniter.php(951): App\Controllers\AdminVisit->visitorpage_welcome()
 8 SYSTEMPATH\CodeIgniter.php(497): CodeIgniter\CodeIgniter->runController(Object(App\Controllers\AdminVisit))
 9 SYSTEMPATH\CodeIgniter.php(340): CodeIgniter\CodeIgniter->handleRequest(null, Object(Config\Cache), false)
10 SYSTEMPATH\Boot.php(417): CodeIgniter\CodeIgniter->run()
11 SYSTEMPATH\Boot.php(68): CodeIgniter\Boot::runCodeIgniter(Object(CodeIgniter\CodeIgniter))
12 FCPATH\index.php(59): CodeIgniter\Boot::bootWeb(Object(Config\Paths))
ERROR - 2026-04-23 18:38:14 --> Table 'db_bxsea.tbl_visitvisitorpage' doesn't exist
in SYSTEMPATH\Database\MySQLi\Connection.php on line 300.
 1 SYSTEMPATH\Database\MySQLi\Connection.php(300): mysqli->query('SELECT *
FROM `tbl_visitvisitorpage`
ORDER BY `visitorpage_id` ASC', 0)
 2 SYSTEMPATH\Database\BaseConnection.php(769): CodeIgniter\Database\MySQLi\Connection->execute('SELECT *
FROM `tbl_visitvisitorpage`
ORDER BY `visitorpage_id` ASC')
 3 SYSTEMPATH\Database\BaseConnection.php(686): CodeIgniter\Database\BaseConnection->simpleQuery('SELECT *
FROM `tbl_visitvisitorpage`
ORDER BY `visitorpage_id` ASC')
 4 SYSTEMPATH\Database\BaseBuilder.php(1649): CodeIgniter\Database\BaseConnection->query('SELECT *
FROM `tbl_visitvisitorpage`
ORDER BY `visitorpage_id` ASC', [], false)
 5 APPPATH\Models\Crud.php(105): CodeIgniter\Database\BaseBuilder->get()
 6 APPPATH\Controllers\AdminVisit.php(1816): App\Models\Crud->readData('*', 'tbl_visitvisitorpage', '', '', '', '', [...], '')
 7 SYSTEMPATH\CodeIgniter.php(951): App\Controllers\AdminVisit->visitorpage_guide()
 8 SYSTEMPATH\CodeIgniter.php(497): CodeIgniter\CodeIgniter->runController(Object(App\Controllers\AdminVisit))
 9 SYSTEMPATH\CodeIgniter.php(340): CodeIgniter\CodeIgniter->handleRequest(null, Object(Config\Cache), false)
10 SYSTEMPATH\Boot.php(417): CodeIgniter\CodeIgniter->run()
11 SYSTEMPATH\Boot.php(68): CodeIgniter\Boot::runCodeIgniter(Object(CodeIgniter\CodeIgniter))
12 FCPATH\index.php(59): CodeIgniter\Boot::bootWeb(Object(Config\Paths))
ERROR - 2026-04-23 18:38:33 --> Table 'db_bxsea.tbl_visitvisitorpage' doesn't exist
in SYSTEMPATH\Database\MySQLi\Connection.php on line 300.
 1 SYSTEMPATH\Database\MySQLi\Connection.php(300): mysqli->query('SELECT *
FROM `tbl_visitvisitorpage`
ORDER BY `visitorpage_id` ASC', 0)
 2 SYSTEMPATH\Database\BaseConnection.php(769): CodeIgniter\Database\MySQLi\Connection->execute('SELECT *
FROM `tbl_visitvisitorpage`
ORDER BY `visitorpage_id` ASC')
 3 SYSTEMPATH\Database\BaseConnection.php(686): CodeIgniter\Database\BaseConnection->simpleQuery('SELECT *
FROM `tbl_visitvisitorpage`
ORDER BY `visitorpage_id` ASC')
 4 SYSTEMPATH\Database\BaseBuilder.php(1649): CodeIgniter\Database\BaseConnection->query('SELECT *
FROM `tbl_visitvisitorpage`
ORDER BY `visitorpage_id` ASC', [], false)
 5 APPPATH\Models\Crud.php(105): CodeIgniter\Database\BaseBuilder->get()
 6 APPPATH\Controllers\AdminVisit.php(1803): App\Models\Crud->readData('*', 'tbl_visitvisitorpage', '', '', '', '', [...], '')
 7 SYSTEMPATH\CodeIgniter.php(951): App\Controllers\AdminVisit->visitorpage_welcome()
 8 SYSTEMPATH\CodeIgniter.php(497): CodeIgniter\CodeIgniter->runController(Object(App\Controllers\AdminVisit))
 9 SYSTEMPATH\CodeIgniter.php(340): CodeIgniter\CodeIgniter->handleRequest(null, Object(Config\Cache), false)
10 SYSTEMPATH\Boot.php(417): CodeIgniter\CodeIgniter->run()
11 SYSTEMPATH\Boot.php(68): CodeIgniter\Boot::runCodeIgniter(Object(CodeIgniter\CodeIgniter))
12 FCPATH\index.php(59): CodeIgniter\Boot::bootWeb(Object(Config\Paths))
ERROR - 2026-04-23 18:44:51 --> Table 'db_bxsea.tbl_visitvisitorpage' doesn't exist
in SYSTEMPATH\Database\MySQLi\Connection.php on line 300.
 1 SYSTEMPATH\Database\MySQLi\Connection.php(300): mysqli->query('SELECT *
FROM `tbl_visitvisitorpage`
ORDER BY `visitorpage_id` ASC', 0)
 2 SYSTEMPATH\Database\BaseConnection.php(769): CodeIgniter\Database\MySQLi\Connection->execute('SELECT *
FROM `tbl_visitvisitorpage`
ORDER BY `visitorpage_id` ASC')
 3 SYSTEMPATH\Database\BaseConnection.php(686): CodeIgniter\Database\BaseConnection->simpleQuery('SELECT *
FROM `tbl_visitvisitorpage`
ORDER BY `visitorpage_id` ASC')
 4 SYSTEMPATH\Database\BaseBuilder.php(1649): CodeIgniter\Database\BaseConnection->query('SELECT *
FROM `tbl_visitvisitorpage`
ORDER BY `visitorpage_id` ASC', [], false)
 5 APPPATH\Models\Crud.php(105): CodeIgniter\Database\BaseBuilder->get()
 6 APPPATH\Controllers\AdminVisit.php(1830): App\Models\Crud->readData('*', 'tbl_visitvisitorpage', '', '', '', '', [...], '')
 7 SYSTEMPATH\CodeIgniter.php(951): App\Controllers\AdminVisit->visitorpage_welcome()
 8 SYSTEMPATH\CodeIgniter.php(497): CodeIgniter\CodeIgniter->runController(Object(App\Controllers\AdminVisit))
 9 SYSTEMPATH\CodeIgniter.php(340): CodeIgniter\CodeIgniter->handleRequest(null, Object(Config\Cache), false)
10 SYSTEMPATH\Boot.php(417): CodeIgniter\CodeIgniter->run()
11 SYSTEMPATH\Boot.php(68): CodeIgniter\Boot::runCodeIgniter(Object(CodeIgniter\CodeIgniter))
12 FCPATH\index.php(59): CodeIgniter\Boot::bootWeb(Object(Config\Paths))
ERROR - 2026-04-23 18:45:06 --> Table 'db_bxsea.tbl_visitvisitorpage' doesn't exist
in SYSTEMPATH\Database\MySQLi\Connection.php on line 300.
 1 SYSTEMPATH\Database\MySQLi\Connection.php(300): mysqli->query('SELECT *
FROM `tbl_visitvisitorpage`
ORDER BY `visitorpage_id` ASC', 0)
 2 SYSTEMPATH\Database\BaseConnection.php(769): CodeIgniter\Database\MySQLi\Connection->execute('SELECT *
FROM `tbl_visitvisitorpage`
ORDER BY `visitorpage_id` ASC')
 3 SYSTEMPATH\Database\BaseConnection.php(686): CodeIgniter\Database\BaseConnection->simpleQuery('SELECT *
FROM `tbl_visitvisitorpage`
ORDER BY `visitorpage_id` ASC')
 4 SYSTEMPATH\Database\BaseBuilder.php(1649): CodeIgniter\Database\BaseConnection->query('SELECT *
FROM `tbl_visitvisitorpage`
ORDER BY `visitorpage_id` ASC', [], false)
 5 APPPATH\Models\Crud.php(105): CodeIgniter\Database\BaseBuilder->get()
 6 APPPATH\Controllers\AdminVisit.php(1843): App\Models\Crud->readData('*', 'tbl_visitvisitorpage', '', '', '', '', [...], '')
 7 SYSTEMPATH\CodeIgniter.php(951): App\Controllers\AdminVisit->visitorpage_guide()
 8 SYSTEMPATH\CodeIgniter.php(497): CodeIgniter\CodeIgniter->runController(Object(App\Controllers\AdminVisit))
 9 SYSTEMPATH\CodeIgniter.php(340): CodeIgniter\CodeIgniter->handleRequest(null, Object(Config\Cache), false)
10 SYSTEMPATH\Boot.php(417): CodeIgniter\CodeIgniter->run()
11 SYSTEMPATH\Boot.php(68): CodeIgniter\Boot::runCodeIgniter(Object(CodeIgniter\CodeIgniter))
12 FCPATH\index.php(59): CodeIgniter\Boot::bootWeb(Object(Config\Paths))
ERROR - 2026-04-23 18:45:09 --> Table 'db_bxsea.tbl_visitvisitorpage' doesn't exist
in SYSTEMPATH\Database\MySQLi\Connection.php on line 300.
 1 SYSTEMPATH\Database\MySQLi\Connection.php(300): mysqli->query('SELECT *
FROM `tbl_visitvisitorpage`
WHERE `visitorpage_key` = \'guide_gettinghere\'', 0)
 2 SYSTEMPATH\Database\BaseConnection.php(769): CodeIgniter\Database\MySQLi\Connection->execute('SELECT *
FROM `tbl_visitvisitorpage`
WHERE `visitorpage_key` = \'guide_gettinghere\'')
 3 SYSTEMPATH\Database\BaseConnection.php(686): CodeIgniter\Database\BaseConnection->simpleQuery('SELECT *
FROM `tbl_visitvisitorpage`
WHERE `visitorpage_key` = \'guide_gettinghere\'')
 4 SYSTEMPATH\Database\BaseBuilder.php(1649): CodeIgniter\Database\BaseConnection->query('SELECT *
FROM `tbl_visitvisitorpage`
WHERE `visitorpage_key` = :visitorpage_key:', [...], false)
 5 APPPATH\Models\Crud.php(105): CodeIgniter\Database\BaseBuilder->get()
 6 APPPATH\Controllers\AdminVisit.php(1815): App\Models\Crud->readData('*', 'tbl_visitvisitorpage', [...], '', '', '', '', '')
 7 SYSTEMPATH\CodeIgniter.php(951): App\Controllers\AdminVisit->add_visitorpage_bykey('guide_gettinghere')
 8 SYSTEMPATH\CodeIgniter.php(497): CodeIgniter\CodeIgniter->runController(Object(App\Controllers\AdminVisit))
 9 SYSTEMPATH\CodeIgniter.php(340): CodeIgniter\CodeIgniter->handleRequest(null, Object(Config\Cache), false)
10 SYSTEMPATH\Boot.php(417): CodeIgniter\CodeIgniter->run()
11 SYSTEMPATH\Boot.php(68): CodeIgniter\Boot::runCodeIgniter(Object(CodeIgniter\CodeIgniter))
12 FCPATH\index.php(59): CodeIgniter\Boot::bootWeb(Object(Config\Paths))
ERROR - 2026-04-23 18:46:25 --> Table 'db_bxsea.tbl_visitvisitorpage' doesn't exist
in SYSTEMPATH\Database\MySQLi\Connection.php on line 300.
 1 SYSTEMPATH\Database\MySQLi\Connection.php(300): mysqli->query('SELECT *
FROM `tbl_visitvisitorpage`
ORDER BY `visitorpage_id` ASC', 0)
 2 SYSTEMPATH\Database\BaseConnection.php(769): CodeIgniter\Database\MySQLi\Connection->execute('SELECT *
FROM `tbl_visitvisitorpage`
ORDER BY `visitorpage_id` ASC')
 3 SYSTEMPATH\Database\BaseConnection.php(686): CodeIgniter\Database\BaseConnection->simpleQuery('SELECT *
FROM `tbl_visitvisitorpage`
ORDER BY `visitorpage_id` ASC')
 4 SYSTEMPATH\Database\BaseBuilder.php(1649): CodeIgniter\Database\BaseConnection->query('SELECT *
FROM `tbl_visitvisitorpage`
ORDER BY `visitorpage_id` ASC', [], false)
 5 APPPATH\Models\Crud.php(105): CodeIgniter\Database\BaseBuilder->get()
 6 APPPATH\Controllers\AdminVisit.php(1830): App\Models\Crud->readData('*', 'tbl_visitvisitorpage', '', '', '', '', [...], '')
 7 SYSTEMPATH\CodeIgniter.php(951): App\Controllers\AdminVisit->visitorpage_welcome()
 8 SYSTEMPATH\CodeIgniter.php(497): CodeIgniter\CodeIgniter->runController(Object(App\Controllers\AdminVisit))
 9 SYSTEMPATH\CodeIgniter.php(340): CodeIgniter\CodeIgniter->handleRequest(null, Object(Config\Cache), false)
10 SYSTEMPATH\Boot.php(417): CodeIgniter\CodeIgniter->run()
11 SYSTEMPATH\Boot.php(68): CodeIgniter\Boot::runCodeIgniter(Object(CodeIgniter\CodeIgniter))
12 FCPATH\index.php(59): CodeIgniter\Boot::bootWeb(Object(Config\Paths))
ERROR - 2026-04-23 18:47:15 --> Table 'db_bxsea.tbl_visitvisitorpage' doesn't exist
in SYSTEMPATH\Database\MySQLi\Connection.php on line 300.
 1 SYSTEMPATH\Database\MySQLi\Connection.php(300): mysqli->query('INSERT INTO `tbl_visitvisitorpage` (`visitorpage_title`, `visitorpage_title_en`, `visitorpage_desc`, `visitorpage_desc_en`, `visitorpage_pict1`, `visitorpage_pict2`, `visitorpage_key`) VALUES (\'hi\', \'hi\', \'<p>hi</p>\', \'<p>hi</p>\', \'bxsea_image_1776944835_441637134bc785d6a619.png\', \'bxsea_image_1776944835_2163907642c09d557a80.png\', \'welcome\')', 0)
 2 SYSTEMPATH\Database\BaseConnection.php(769): CodeIgniter\Database\MySQLi\Connection->execute('INSERT INTO `tbl_visitvisitorpage` (`visitorpage_title`, `visitorpage_title_en`, `visitorpage_desc`, `visitorpage_desc_en`, `visitorpage_pict1`, `visitorpage_pict2`, `visitorpage_key`) VALUES (\'hi\', \'hi\', \'<p>hi</p>\', \'<p>hi</p>\', \'bxsea_image_1776944835_441637134bc785d6a619.png\', \'bxsea_image_1776944835_2163907642c09d557a80.png\', \'welcome\')')
 3 SYSTEMPATH\Database\BaseConnection.php(686): CodeIgniter\Database\BaseConnection->simpleQuery('INSERT INTO `tbl_visitvisitorpage` (`visitorpage_title`, `visitorpage_title_en`, `visitorpage_desc`, `visitorpage_desc_en`, `visitorpage_pict1`, `visitorpage_pict2`, `visitorpage_key`) VALUES (\'hi\', \'hi\', \'<p>hi</p>\', \'<p>hi</p>\', \'bxsea_image_1776944835_441637134bc785d6a619.png\', \'bxsea_image_1776944835_2163907642c09d557a80.png\', \'welcome\')')
 4 SYSTEMPATH\Database\BaseBuilder.php(2345): CodeIgniter\Database\BaseConnection->query('INSERT INTO `tbl_visitvisitorpage` (`visitorpage_title`, `visitorpage_title_en`, `visitorpage_desc`, `visitorpage_desc_en`, `visitorpage_pict1`, `visitorpage_pict2`, `visitorpage_key`) VALUES (:visitorpage_title:, :visitorpage_title_en:, :visitorpage_desc:, :visitorpage_desc_en:, :visitorpage_pict1:, :visitorpage_pict2:, :visitorpage_key:)', [...], false)
 5 APPPATH\Models\Crud.php(43): CodeIgniter\Database\BaseBuilder->insert([...])
 6 APPPATH\Controllers\AdminVisit.php(1701): App\Models\Crud->createData('tbl_visitvisitorpage', [...])
 7 SYSTEMPATH\CodeIgniter.php(951): App\Controllers\AdminVisit->run_update_visitorpage()
 8 SYSTEMPATH\CodeIgniter.php(497): CodeIgniter\CodeIgniter->runController(Object(App\Controllers\AdminVisit))
 9 SYSTEMPATH\CodeIgniter.php(340): CodeIgniter\CodeIgniter->handleRequest(null, Object(Config\Cache), false)
10 SYSTEMPATH\Boot.php(417): CodeIgniter\CodeIgniter->run()
11 SYSTEMPATH\Boot.php(68): CodeIgniter\Boot::runCodeIgniter(Object(CodeIgniter\CodeIgniter))
12 FCPATH\index.php(59): CodeIgniter\Boot::bootWeb(Object(Config\Paths))
ERROR - 2026-04-23 18:47:15 --> Table 'db_bxsea.tbl_visitvisitorpage' doesn't exist
in SYSTEMPATH\Database\MySQLi\Connection.php on line 300.
 1 SYSTEMPATH\Database\MySQLi\Connection.php(300): mysqli->query('SELECT *
FROM `tbl_visitvisitorpage`
ORDER BY `visitorpage_id` ASC', 0)
 2 SYSTEMPATH\Database\BaseConnection.php(769): CodeIgniter\Database\MySQLi\Connection->execute('SELECT *
FROM `tbl_visitvisitorpage`
ORDER BY `visitorpage_id` ASC')
 3 SYSTEMPATH\Database\BaseConnection.php(686): CodeIgniter\Database\BaseConnection->simpleQuery('SELECT *
FROM `tbl_visitvisitorpage`
ORDER BY `visitorpage_id` ASC')
 4 SYSTEMPATH\Database\BaseBuilder.php(1649): CodeIgniter\Database\BaseConnection->query('SELECT *
FROM `tbl_visitvisitorpage`
ORDER BY `visitorpage_id` ASC', [], false)
 5 APPPATH\Models\Crud.php(105): CodeIgniter\Database\BaseBuilder->get()
 6 APPPATH\Controllers\AdminVisit.php(1830): App\Models\Crud->readData('*', 'tbl_visitvisitorpage', '', '', '', '', [...], '')
 7 SYSTEMPATH\CodeIgniter.php(951): App\Controllers\AdminVisit->visitorpage_welcome()
 8 SYSTEMPATH\CodeIgniter.php(497): CodeIgniter\CodeIgniter->runController(Object(App\Controllers\AdminVisit))
 9 SYSTEMPATH\CodeIgniter.php(340): CodeIgniter\CodeIgniter->handleRequest(null, Object(Config\Cache), false)
10 SYSTEMPATH\Boot.php(417): CodeIgniter\CodeIgniter->run()
11 SYSTEMPATH\Boot.php(68): CodeIgniter\Boot::runCodeIgniter(Object(CodeIgniter\CodeIgniter))
12 FCPATH\index.php(59): CodeIgniter\Boot::bootWeb(Object(Config\Paths))
ERROR - 2026-04-23 18:47:36 --> Table 'db_bxsea.tbl_visitvisitorpage' doesn't exist
in SYSTEMPATH\Database\MySQLi\Connection.php on line 300.
 1 SYSTEMPATH\Database\MySQLi\Connection.php(300): mysqli->query('INSERT INTO `tbl_visitvisitorpage` (`visitorpage_title`, `visitorpage_title_en`, `visitorpage_desc`, `visitorpage_desc_en`, `visitorpage_pict1`, `visitorpage_pict2`, `visitorpage_key`) VALUES (\'hi\', \'hi\', \'<p>hi</p>\', \'<p>hi</p>\', \'\', \'\', \'hours\')', 0)
 2 SYSTEMPATH\Database\BaseConnection.php(769): CodeIgniter\Database\MySQLi\Connection->execute('INSERT INTO `tbl_visitvisitorpage` (`visitorpage_title`, `visitorpage_title_en`, `visitorpage_desc`, `visitorpage_desc_en`, `visitorpage_pict1`, `visitorpage_pict2`, `visitorpage_key`) VALUES (\'hi\', \'hi\', \'<p>hi</p>\', \'<p>hi</p>\', \'\', \'\', \'hours\')')
 3 SYSTEMPATH\Database\BaseConnection.php(686): CodeIgniter\Database\BaseConnection->simpleQuery('INSERT INTO `tbl_visitvisitorpage` (`visitorpage_title`, `visitorpage_title_en`, `visitorpage_desc`, `visitorpage_desc_en`, `visitorpage_pict1`, `visitorpage_pict2`, `visitorpage_key`) VALUES (\'hi\', \'hi\', \'<p>hi</p>\', \'<p>hi</p>\', \'\', \'\', \'hours\')')
 4 SYSTEMPATH\Database\BaseBuilder.php(2345): CodeIgniter\Database\BaseConnection->query('INSERT INTO `tbl_visitvisitorpage` (`visitorpage_title`, `visitorpage_title_en`, `visitorpage_desc`, `visitorpage_desc_en`, `visitorpage_pict1`, `visitorpage_pict2`, `visitorpage_key`) VALUES (:visitorpage_title:, :visitorpage_title_en:, :visitorpage_desc:, :visitorpage_desc_en:, :visitorpage_pict1:, :visitorpage_pict2:, :visitorpage_key:)', [...], false)
 5 APPPATH\Models\Crud.php(43): CodeIgniter\Database\BaseBuilder->insert([...])
 6 APPPATH\Controllers\AdminVisit.php(1701): App\Models\Crud->createData('tbl_visitvisitorpage', [...])
 7 SYSTEMPATH\CodeIgniter.php(951): App\Controllers\AdminVisit->run_update_visitorpage()
 8 SYSTEMPATH\CodeIgniter.php(497): CodeIgniter\CodeIgniter->runController(Object(App\Controllers\AdminVisit))
 9 SYSTEMPATH\CodeIgniter.php(340): CodeIgniter\CodeIgniter->handleRequest(null, Object(Config\Cache), false)
10 SYSTEMPATH\Boot.php(417): CodeIgniter\CodeIgniter->run()
11 SYSTEMPATH\Boot.php(68): CodeIgniter\Boot::runCodeIgniter(Object(CodeIgniter\CodeIgniter))
12 FCPATH\index.php(59): CodeIgniter\Boot::bootWeb(Object(Config\Paths))
ERROR - 2026-04-23 18:47:36 --> Table 'db_bxsea.tbl_visitvisitorpage' doesn't exist
in SYSTEMPATH\Database\MySQLi\Connection.php on line 300.
 1 SYSTEMPATH\Database\MySQLi\Connection.php(300): mysqli->query('SELECT *
FROM `tbl_visitvisitorpage`
ORDER BY `visitorpage_id` ASC', 0)
 2 SYSTEMPATH\Database\BaseConnection.php(769): CodeIgniter\Database\MySQLi\Connection->execute('SELECT *
FROM `tbl_visitvisitorpage`
ORDER BY `visitorpage_id` ASC')
 3 SYSTEMPATH\Database\BaseConnection.php(686): CodeIgniter\Database\BaseConnection->simpleQuery('SELECT *
FROM `tbl_visitvisitorpage`
ORDER BY `visitorpage_id` ASC')
 4 SYSTEMPATH\Database\BaseBuilder.php(1649): CodeIgniter\Database\BaseConnection->query('SELECT *
FROM `tbl_visitvisitorpage`
ORDER BY `visitorpage_id` ASC', [], false)
 5 APPPATH\Models\Crud.php(105): CodeIgniter\Database\BaseBuilder->get()
 6 APPPATH\Controllers\AdminVisit.php(1830): App\Models\Crud->readData('*', 'tbl_visitvisitorpage', '', '', '', '', [...], '')
 7 SYSTEMPATH\CodeIgniter.php(951): App\Controllers\AdminVisit->visitorpage_welcome()
 8 SYSTEMPATH\CodeIgniter.php(497): CodeIgniter\CodeIgniter->runController(Object(App\Controllers\AdminVisit))
 9 SYSTEMPATH\CodeIgniter.php(340): CodeIgniter\CodeIgniter->handleRequest(null, Object(Config\Cache), false)
10 SYSTEMPATH\Boot.php(417): CodeIgniter\CodeIgniter->run()
11 SYSTEMPATH\Boot.php(68): CodeIgniter\Boot::runCodeIgniter(Object(CodeIgniter\CodeIgniter))
12 FCPATH\index.php(59): CodeIgniter\Boot::bootWeb(Object(Config\Paths))
ERROR - 2026-04-23 18:47:56 --> Unknown column 'visitorinfo_label' in 'field list'
in SYSTEMPATH\Database\MySQLi\Connection.php on line 300.
 1 SYSTEMPATH\Database\MySQLi\Connection.php(300): mysqli->query('INSERT INTO `tbl_visitvisitorinfo` (`visitorinfo_section`, `visitorinfo_title`, `visitorinfo_title_en`, `visitorinfo_label`, `visitorinfo_label_en`, `visitorinfo_desc`, `visitorinfo_desc_en`, `visitorinfo_icon`, `visitorinfo_image`, `visitorinfo_sort`, `visitorinfo_status`, `created_at`, `updated_at`) VALUES (\'rule\', \'hi\', \'hi\', \'\', \'\', \'<p>hi</p>\', \'<p>hi</p>\', \'bxsea_icon_1776944876_9a7039e6f81374675339.png\', NULL, 0, 1, \'2026-04-23 18:47:56\', \'2026-04-23 18:47:56\')', 0)
 2 SYSTEMPATH\Database\BaseConnection.php(769): CodeIgniter\Database\MySQLi\Connection->execute('INSERT INTO `tbl_visitvisitorinfo` (`visitorinfo_section`, `visitorinfo_title`, `visitorinfo_title_en`, `visitorinfo_label`, `visitorinfo_label_en`, `visitorinfo_desc`, `visitorinfo_desc_en`, `visitorinfo_icon`, `visitorinfo_image`, `visitorinfo_sort`, `visitorinfo_status`, `created_at`, `updated_at`) VALUES (\'rule\', \'hi\', \'hi\', \'\', \'\', \'<p>hi</p>\', \'<p>hi</p>\', \'bxsea_icon_1776944876_9a7039e6f81374675339.png\', NULL, 0, 1, \'2026-04-23 18:47:56\', \'2026-04-23 18:47:56\')')
 3 SYSTEMPATH\Database\BaseConnection.php(686): CodeIgniter\Database\BaseConnection->simpleQuery('INSERT INTO `tbl_visitvisitorinfo` (`visitorinfo_section`, `visitorinfo_title`, `visitorinfo_title_en`, `visitorinfo_label`, `visitorinfo_label_en`, `visitorinfo_desc`, `visitorinfo_desc_en`, `visitorinfo_icon`, `visitorinfo_image`, `visitorinfo_sort`, `visitorinfo_status`, `created_at`, `updated_at`) VALUES (\'rule\', \'hi\', \'hi\', \'\', \'\', \'<p>hi</p>\', \'<p>hi</p>\', \'bxsea_icon_1776944876_9a7039e6f81374675339.png\', NULL, 0, 1, \'2026-04-23 18:47:56\', \'2026-04-23 18:47:56\')')
 4 SYSTEMPATH\Database\BaseBuilder.php(2345): CodeIgniter\Database\BaseConnection->query('INSERT INTO `tbl_visitvisitorinfo` (`visitorinfo_section`, `visitorinfo_title`, `visitorinfo_title_en`, `visitorinfo_label`, `visitorinfo_label_en`, `visitorinfo_desc`, `visitorinfo_desc_en`, `visitorinfo_icon`, `visitorinfo_image`, `visitorinfo_sort`, `visitorinfo_status`, `created_at`, `updated_at`) VALUES (:visitorinfo_section:, :visitorinfo_title:, :visitorinfo_title_en:, :visitorinfo_label:, :visitorinfo_label_en:, :visitorinfo_desc:, :visitorinfo_desc_en:, :visitorinfo_icon:, :visitorinfo_image:, :visitorinfo_sort:, :visitorinfo_status:, :created_at:, :updated_at:)', [...], false)
 5 SYSTEMPATH\Model.php(356): CodeIgniter\Database\BaseBuilder->insert()
 6 SYSTEMPATH\BaseModel.php(898): CodeIgniter\Model->doInsert([...])
 7 SYSTEMPATH\Model.php(665): CodeIgniter\BaseModel->insert([...], true)
 8 APPPATH\Controllers\AdminVisit.php(1753): CodeIgniter\Model->insert([...])
 9 SYSTEMPATH\CodeIgniter.php(951): App\Controllers\AdminVisit->run_add_visitorinfo_know()
10 SYSTEMPATH\CodeIgniter.php(497): CodeIgniter\CodeIgniter->runController(Object(App\Controllers\AdminVisit))
11 SYSTEMPATH\CodeIgniter.php(340): CodeIgniter\CodeIgniter->handleRequest(null, Object(Config\Cache), false)
12 SYSTEMPATH\Boot.php(417): CodeIgniter\CodeIgniter->run()
13 SYSTEMPATH\Boot.php(68): CodeIgniter\Boot::runCodeIgniter(Object(CodeIgniter\CodeIgniter))
14 FCPATH\index.php(59): CodeIgniter\Boot::bootWeb(Object(Config\Paths))
CRITICAL - 2026-04-23 22:31:43 --> CodeIgniter\HTTP\Exceptions\HTTPException: Request URI segment is out of range: "4"
[Method: GET, Route: adminsite/dashboard]
in SYSTEMPATH\HTTP\URI.php on line 575.
 1 SYSTEMPATH\HTTP\URI.php(575): CodeIgniter\HTTP\Exceptions\HTTPException::forURISegmentOutOfRange(4)
 2 APPPATH\Views\administrator\layoutadmin.php(24): CodeIgniter\HTTP\URI->getSegment(4)
 3 SYSTEMPATH\View\View.php(238): include('C:\\xampp\\htdocs\\bxsea\\app\\Views\\administrator\\layoutadmin.php')
 4 SYSTEMPATH\View\View.php(241): CodeIgniter\View\View->CodeIgniter\View\{closure}()
 5 SYSTEMPATH\View\View.php(254): CodeIgniter\View\View->render('administrator/layoutadmin', [], true)
 6 SYSTEMPATH\Common.php(1250): CodeIgniter\View\View->render('administrator/home', [], true)
 7 APPPATH\Controllers\AdminDashboard.php(26): view('administrator/home', [...])
 8 SYSTEMPATH\CodeIgniter.php(951): App\Controllers\AdminDashboard->index()
 9 SYSTEMPATH\CodeIgniter.php(497): CodeIgniter\CodeIgniter->runController(Object(App\Controllers\AdminDashboard))
10 SYSTEMPATH\CodeIgniter.php(340): CodeIgniter\CodeIgniter->handleRequest(null, Object(Config\Cache), false)
11 SYSTEMPATH\Boot.php(417): CodeIgniter\CodeIgniter->run()
12 SYSTEMPATH\Boot.php(68): CodeIgniter\Boot::runCodeIgniter(Object(CodeIgniter\CodeIgniter))
13 FCPATH\index.php(59): CodeIgniter\Boot::bootWeb(Object(Config\Paths))
CRITICAL - 2026-04-23 22:31:49 --> CodeIgniter\HTTP\Exceptions\HTTPException: Request URI segment is out of range: "4"
[Method: GET, Route: adminsite/dashboard]
in SYSTEMPATH\HTTP\URI.php on line 575.
 1 SYSTEMPATH\HTTP\URI.php(575): CodeIgniter\HTTP\Exceptions\HTTPException::forURISegmentOutOfRange(4)
 2 APPPATH\Views\administrator\layoutadmin.php(24): CodeIgniter\HTTP\URI->getSegment(4)
 3 SYSTEMPATH\View\View.php(238): include('C:\\xampp\\htdocs\\bxsea\\app\\Views\\administrator\\layoutadmin.php')
 4 SYSTEMPATH\View\View.php(241): CodeIgniter\View\View->CodeIgniter\View\{closure}()
 5 SYSTEMPATH\View\View.php(254): CodeIgniter\View\View->render('administrator/layoutadmin', [], true)
 6 SYSTEMPATH\Common.php(1250): CodeIgniter\View\View->render('administrator/home', [], true)
 7 APPPATH\Controllers\AdminDashboard.php(26): view('administrator/home', [...])
 8 SYSTEMPATH\CodeIgniter.php(951): App\Controllers\AdminDashboard->index()
 9 SYSTEMPATH\CodeIgniter.php(497): CodeIgniter\CodeIgniter->runController(Object(App\Controllers\AdminDashboard))
10 SYSTEMPATH\CodeIgniter.php(340): CodeIgniter\CodeIgniter->handleRequest(null, Object(Config\Cache), false)
11 SYSTEMPATH\Boot.php(417): CodeIgniter\CodeIgniter->run()
12 SYSTEMPATH\Boot.php(68): CodeIgniter\Boot::runCodeIgniter(Object(CodeIgniter\CodeIgniter))
13 FCPATH\index.php(59): CodeIgniter\Boot::bootWeb(Object(Config\Paths))
CRITICAL - 2026-04-23 22:32:02 --> CodeIgniter\HTTP\Exceptions\HTTPException: Request URI segment is out of range: "4"
[Method: GET, Route: adminsite/dashboard]
in SYSTEMPATH\HTTP\URI.php on line 575.
 1 SYSTEMPATH\HTTP\URI.php(575): CodeIgniter\HTTP\Exceptions\HTTPException::forURISegmentOutOfRange(4)
 2 APPPATH\Views\administrator\layoutadmin.php(24): CodeIgniter\HTTP\URI->getSegment(4)
 3 SYSTEMPATH\View\View.php(238): include('C:\\xampp\\htdocs\\bxsea\\app\\Views\\administrator\\layoutadmin.php')
 4 SYSTEMPATH\View\View.php(241): CodeIgniter\View\View->CodeIgniter\View\{closure}()
 5 SYSTEMPATH\View\View.php(254): CodeIgniter\View\View->render('administrator/layoutadmin', [], true)
 6 SYSTEMPATH\Common.php(1250): CodeIgniter\View\View->render('administrator/home', [], true)
 7 APPPATH\Controllers\AdminDashboard.php(26): view('administrator/home', [...])
 8 SYSTEMPATH\CodeIgniter.php(951): App\Controllers\AdminDashboard->index()
 9 SYSTEMPATH\CodeIgniter.php(497): CodeIgniter\CodeIgniter->runController(Object(App\Controllers\AdminDashboard))
10 SYSTEMPATH\CodeIgniter.php(340): CodeIgniter\CodeIgniter->handleRequest(null, Object(Config\Cache), false)
11 SYSTEMPATH\Boot.php(417): CodeIgniter\CodeIgniter->run()
12 SYSTEMPATH\Boot.php(68): CodeIgniter\Boot::runCodeIgniter(Object(CodeIgniter\CodeIgniter))
13 FCPATH\index.php(59): CodeIgniter\Boot::bootWeb(Object(Config\Paths))
CRITICAL - 2026-04-23 22:33:19 --> CodeIgniter\HTTP\Exceptions\HTTPException: Request URI segment is out of range: "4"
[Method: GET, Route: adminsite/dashboard]
in SYSTEMPATH\HTTP\URI.php on line 575.
 1 SYSTEMPATH\HTTP\URI.php(575): CodeIgniter\HTTP\Exceptions\HTTPException::forURISegmentOutOfRange(4)
 2 APPPATH\Views\administrator\layoutadmin.php(24): CodeIgniter\HTTP\URI->getSegment(4, '')
 3 SYSTEMPATH\View\View.php(238): include('C:\\xampp\\htdocs\\bxsea\\app\\Views\\administrator\\layoutadmin.php')
 4 SYSTEMPATH\View\View.php(241): CodeIgniter\View\View->CodeIgniter\View\{closure}()
 5 SYSTEMPATH\View\View.php(254): CodeIgniter\View\View->render('administrator/layoutadmin', [], true)
 6 SYSTEMPATH\Common.php(1250): CodeIgniter\View\View->render('administrator/home', [], true)
 7 APPPATH\Controllers\AdminDashboard.php(26): view('administrator/home', [...])
 8 SYSTEMPATH\CodeIgniter.php(951): App\Controllers\AdminDashboard->index()
 9 SYSTEMPATH\CodeIgniter.php(497): CodeIgniter\CodeIgniter->runController(Object(App\Controllers\AdminDashboard))
10 SYSTEMPATH\CodeIgniter.php(340): CodeIgniter\CodeIgniter->handleRequest(null, Object(Config\Cache), false)
11 SYSTEMPATH\Boot.php(417): CodeIgniter\CodeIgniter->run()
12 SYSTEMPATH\Boot.php(68): CodeIgniter\Boot::runCodeIgniter(Object(CodeIgniter\CodeIgniter))
13 FCPATH\index.php(59): CodeIgniter\Boot::bootWeb(Object(Config\Paths))
CRITICAL - 2026-04-23 22:33:22 --> CodeIgniter\HTTP\Exceptions\HTTPException: Request URI segment is out of range: "4"
[Method: GET, Route: adminsite/dashboard]
in SYSTEMPATH\HTTP\URI.php on line 575.
 1 SYSTEMPATH\HTTP\URI.php(575): CodeIgniter\HTTP\Exceptions\HTTPException::forURISegmentOutOfRange(4)
 2 APPPATH\Views\administrator\layoutadmin.php(24): CodeIgniter\HTTP\URI->getSegment(4, '')
 3 SYSTEMPATH\View\View.php(238): include('C:\\xampp\\htdocs\\bxsea\\app\\Views\\administrator\\layoutadmin.php')
 4 SYSTEMPATH\View\View.php(241): CodeIgniter\View\View->CodeIgniter\View\{closure}()
 5 SYSTEMPATH\View\View.php(254): CodeIgniter\View\View->render('administrator/layoutadmin', [], true)
 6 SYSTEMPATH\Common.php(1250): CodeIgniter\View\View->render('administrator/home', [], true)
 7 APPPATH\Controllers\AdminDashboard.php(26): view('administrator/home', [...])
 8 SYSTEMPATH\CodeIgniter.php(951): App\Controllers\AdminDashboard->index()
 9 SYSTEMPATH\CodeIgniter.php(497): CodeIgniter\CodeIgniter->runController(Object(App\Controllers\AdminDashboard))
10 SYSTEMPATH\CodeIgniter.php(340): CodeIgniter\CodeIgniter->handleRequest(null, Object(Config\Cache), false)
11 SYSTEMPATH\Boot.php(417): CodeIgniter\CodeIgniter->run()
12 SYSTEMPATH\Boot.php(68): CodeIgniter\Boot::runCodeIgniter(Object(CodeIgniter\CodeIgniter))
13 FCPATH\index.php(59): CodeIgniter\Boot::bootWeb(Object(Config\Paths))
CRITICAL - 2026-04-23 22:33:24 --> CodeIgniter\HTTP\Exceptions\HTTPException: Request URI segment is out of range: "4"
[Method: GET, Route: adminsite/dashboard]
in SYSTEMPATH\HTTP\URI.php on line 575.
 1 SYSTEMPATH\HTTP\URI.php(575): CodeIgniter\HTTP\Exceptions\HTTPException::forURISegmentOutOfRange(4)
 2 APPPATH\Views\administrator\layoutadmin.php(24): CodeIgniter\HTTP\URI->getSegment(4, '')
 3 SYSTEMPATH\View\View.php(238): include('C:\\xampp\\htdocs\\bxsea\\app\\Views\\administrator\\layoutadmin.php')
 4 SYSTEMPATH\View\View.php(241): CodeIgniter\View\View->CodeIgniter\View\{closure}()
 5 SYSTEMPATH\View\View.php(254): CodeIgniter\View\View->render('administrator/layoutadmin', [], true)
 6 SYSTEMPATH\Common.php(1250): CodeIgniter\View\View->render('administrator/home', [], true)
 7 APPPATH\Controllers\AdminDashboard.php(26): view('administrator/home', [...])
 8 SYSTEMPATH\CodeIgniter.php(951): App\Controllers\AdminDashboard->index()
 9 SYSTEMPATH\CodeIgniter.php(497): CodeIgniter\CodeIgniter->runController(Object(App\Controllers\AdminDashboard))
10 SYSTEMPATH\CodeIgniter.php(340): CodeIgniter\CodeIgniter->handleRequest(null, Object(Config\Cache), false)
11 SYSTEMPATH\Boot.php(417): CodeIgniter\CodeIgniter->run()
12 SYSTEMPATH\Boot.php(68): CodeIgniter\Boot::runCodeIgniter(Object(CodeIgniter\CodeIgniter))
13 FCPATH\index.php(59): CodeIgniter\Boot::bootWeb(Object(Config\Paths))
CRITICAL - 2026-04-23 22:33:27 --> CodeIgniter\HTTP\Exceptions\HTTPException: Request URI segment is out of range: "4"
[Method: GET, Route: adminsite/dashboard]
in SYSTEMPATH\HTTP\URI.php on line 575.
 1 SYSTEMPATH\HTTP\URI.php(575): CodeIgniter\HTTP\Exceptions\HTTPException::forURISegmentOutOfRange(4)
 2 APPPATH\Views\administrator\layoutadmin.php(24): CodeIgniter\HTTP\URI->getSegment(4, '')
 3 SYSTEMPATH\View\View.php(238): include('C:\\xampp\\htdocs\\bxsea\\app\\Views\\administrator\\layoutadmin.php')
 4 SYSTEMPATH\View\View.php(241): CodeIgniter\View\View->CodeIgniter\View\{closure}()
 5 SYSTEMPATH\View\View.php(254): CodeIgniter\View\View->render('administrator/layoutadmin', [], true)
 6 SYSTEMPATH\Common.php(1250): CodeIgniter\View\View->render('administrator/home', [], true)
 7 APPPATH\Controllers\AdminDashboard.php(26): view('administrator/home', [...])
 8 SYSTEMPATH\CodeIgniter.php(951): App\Controllers\AdminDashboard->index()
 9 SYSTEMPATH\CodeIgniter.php(497): CodeIgniter\CodeIgniter->runController(Object(App\Controllers\AdminDashboard))
10 SYSTEMPATH\CodeIgniter.php(340): CodeIgniter\CodeIgniter->handleRequest(null, Object(Config\Cache), false)
11 SYSTEMPATH\Boot.php(417): CodeIgniter\CodeIgniter->run()
12 SYSTEMPATH\Boot.php(68): CodeIgniter\Boot::runCodeIgniter(Object(CodeIgniter\CodeIgniter))
13 FCPATH\index.php(59): CodeIgniter\Boot::bootWeb(Object(Config\Paths))
CRITICAL - 2026-04-23 22:33:56 --> CodeIgniter\HTTP\Exceptions\HTTPException: Request URI segment is out of range: "4"
[Method: GET, Route: adminsite/dashboard]
in SYSTEMPATH\HTTP\URI.php on line 575.
 1 SYSTEMPATH\HTTP\URI.php(575): CodeIgniter\HTTP\Exceptions\HTTPException::forURISegmentOutOfRange(4)
 2 APPPATH\Views\administrator\layoutadmin.php(24): CodeIgniter\HTTP\URI->getSegment(4, '')
 3 SYSTEMPATH\View\View.php(238): include('C:\\xampp\\htdocs\\bxsea\\app\\Views\\administrator\\layoutadmin.php')
 4 SYSTEMPATH\View\View.php(241): CodeIgniter\View\View->CodeIgniter\View\{closure}()
 5 SYSTEMPATH\View\View.php(254): CodeIgniter\View\View->render('administrator/layoutadmin', [], true)
 6 SYSTEMPATH\Common.php(1250): CodeIgniter\View\View->render('administrator/home', [], true)
 7 APPPATH\Controllers\AdminDashboard.php(26): view('administrator/home', [...])
 8 SYSTEMPATH\CodeIgniter.php(951): App\Controllers\AdminDashboard->index()
 9 SYSTEMPATH\CodeIgniter.php(497): CodeIgniter\CodeIgniter->runController(Object(App\Controllers\AdminDashboard))
10 SYSTEMPATH\CodeIgniter.php(340): CodeIgniter\CodeIgniter->handleRequest(null, Object(Config\Cache), false)
11 SYSTEMPATH\Boot.php(417): CodeIgniter\CodeIgniter->run()
12 SYSTEMPATH\Boot.php(68): CodeIgniter\Boot::runCodeIgniter(Object(CodeIgniter\CodeIgniter))
13 FCPATH\index.php(59): CodeIgniter\Boot::bootWeb(Object(Config\Paths))
CRITICAL - 2026-04-23 22:34:00 --> CodeIgniter\HTTP\Exceptions\HTTPException: Request URI segment is out of range: "4"
[Method: GET, Route: adminsite/dashboard]
in SYSTEMPATH\HTTP\URI.php on line 575.
 1 SYSTEMPATH\HTTP\URI.php(575): CodeIgniter\HTTP\Exceptions\HTTPException::forURISegmentOutOfRange(4)
 2 APPPATH\Views\administrator\layoutadmin.php(24): CodeIgniter\HTTP\URI->getSegment(4, '')
 3 SYSTEMPATH\View\View.php(238): include('C:\\xampp\\htdocs\\bxsea\\app\\Views\\administrator\\layoutadmin.php')
 4 SYSTEMPATH\View\View.php(241): CodeIgniter\View\View->CodeIgniter\View\{closure}()
 5 SYSTEMPATH\View\View.php(254): CodeIgniter\View\View->render('administrator/layoutadmin', [], true)
 6 SYSTEMPATH\Common.php(1250): CodeIgniter\View\View->render('administrator/home', [], true)
 7 APPPATH\Controllers\AdminDashboard.php(26): view('administrator/home', [...])
 8 SYSTEMPATH\CodeIgniter.php(951): App\Controllers\AdminDashboard->index()
 9 SYSTEMPATH\CodeIgniter.php(497): CodeIgniter\CodeIgniter->runController(Object(App\Controllers\AdminDashboard))
10 SYSTEMPATH\CodeIgniter.php(340): CodeIgniter\CodeIgniter->handleRequest(null, Object(Config\Cache), false)
11 SYSTEMPATH\Boot.php(417): CodeIgniter\CodeIgniter->run()
12 SYSTEMPATH\Boot.php(68): CodeIgniter\Boot::runCodeIgniter(Object(CodeIgniter\CodeIgniter))
13 FCPATH\index.php(59): CodeIgniter\Boot::bootWeb(Object(Config\Paths))
CRITICAL - 2026-04-23 22:35:03 --> CodeIgniter\HTTP\Exceptions\HTTPException: Request URI segment is out of range: "4"
[Method: GET, Route: adminsite/dashboard]
in SYSTEMPATH\HTTP\URI.php on line 575.
 1 SYSTEMPATH\HTTP\URI.php(575): CodeIgniter\HTTP\Exceptions\HTTPException::forURISegmentOutOfRange(4)
 2 APPPATH\Views\administrator\layoutadmin.php(24): CodeIgniter\HTTP\URI->getSegment(4, '')
 3 SYSTEMPATH\View\View.php(238): include('C:\\xampp\\htdocs\\bxsea\\app\\Views\\administrator\\layoutadmin.php')
 4 SYSTEMPATH\View\View.php(241): CodeIgniter\View\View->CodeIgniter\View\{closure}()
 5 SYSTEMPATH\View\View.php(254): CodeIgniter\View\View->render('administrator/layoutadmin', [], true)
 6 SYSTEMPATH\Common.php(1250): CodeIgniter\View\View->render('administrator/home', [], true)
 7 APPPATH\Controllers\AdminDashboard.php(26): view('administrator/home', [...])
 8 SYSTEMPATH\CodeIgniter.php(951): App\Controllers\AdminDashboard->index()
 9 SYSTEMPATH\CodeIgniter.php(497): CodeIgniter\CodeIgniter->runController(Object(App\Controllers\AdminDashboard))
10 SYSTEMPATH\CodeIgniter.php(340): CodeIgniter\CodeIgniter->handleRequest(null, Object(Config\Cache), false)
11 SYSTEMPATH\Boot.php(417): CodeIgniter\CodeIgniter->run()
12 SYSTEMPATH\Boot.php(68): CodeIgniter\Boot::runCodeIgniter(Object(CodeIgniter\CodeIgniter))
13 FCPATH\index.php(59): CodeIgniter\Boot::bootWeb(Object(Config\Paths))
CRITICAL - 2026-04-23 22:35:08 --> CodeIgniter\HTTP\Exceptions\HTTPException: Request URI segment is out of range: "4"
[Method: GET, Route: adminsite/dashboard]
in SYSTEMPATH\HTTP\URI.php on line 575.
 1 SYSTEMPATH\HTTP\URI.php(575): CodeIgniter\HTTP\Exceptions\HTTPException::forURISegmentOutOfRange(4)
 2 APPPATH\Views\administrator\layoutadmin.php(24): CodeIgniter\HTTP\URI->getSegment(4, '')
 3 SYSTEMPATH\View\View.php(238): include('C:\\xampp\\htdocs\\bxsea\\app\\Views\\administrator\\layoutadmin.php')
 4 SYSTEMPATH\View\View.php(241): CodeIgniter\View\View->CodeIgniter\View\{closure}()
 5 SYSTEMPATH\View\View.php(254): CodeIgniter\View\View->render('administrator/layoutadmin', [], true)
 6 SYSTEMPATH\Common.php(1250): CodeIgniter\View\View->render('administrator/home', [], true)
 7 APPPATH\Controllers\AdminDashboard.php(26): view('administrator/home', [...])
 8 SYSTEMPATH\CodeIgniter.php(951): App\Controllers\AdminDashboard->index()
 9 SYSTEMPATH\CodeIgniter.php(497): CodeIgniter\CodeIgniter->runController(Object(App\Controllers\AdminDashboard))
10 SYSTEMPATH\CodeIgniter.php(340): CodeIgniter\CodeIgniter->handleRequest(null, Object(Config\Cache), false)
11 SYSTEMPATH\Boot.php(417): CodeIgniter\CodeIgniter->run()
12 SYSTEMPATH\Boot.php(68): CodeIgniter\Boot::runCodeIgniter(Object(CodeIgniter\CodeIgniter))
13 FCPATH\index.php(59): CodeIgniter\Boot::bootWeb(Object(Config\Paths))
