WARNING - 2026-04-17 16:09:29 --> [DEPRECATED] Creation of dynamic property App\Controllers\Landing::$Crud is deprecated in APPPATH\Controllers\Landing.php on line 10.
 1 SYSTEMPATH\CodeIgniter.php(921): App\Controllers\Landing->__construct()
 2 SYSTEMPATH\CodeIgniter.php(488): CodeIgniter\CodeIgniter->createController()
 3 SYSTEMPATH\CodeIgniter.php(340): CodeIgniter\CodeIgniter->handleRequest(null, Object(Config\Cache), false)
 4 SYSTEMPATH\Boot.php(417): CodeIgniter\CodeIgniter->run()
 5 SYSTEMPATH\Boot.php(68): CodeIgniter\Boot::runCodeIgniter(Object(CodeIgniter\CodeIgniter))
 6 FCPATH\index.php(59): CodeIgniter\Boot::bootWeb(Object(Config\Paths))
WARNING - 2026-04-17 16:09:29 --> [DEPRECATED] Creation of dynamic property App\Controllers\Landing::$db is deprecated in APPPATH\Controllers\Landing.php on line 11.
 1 SYSTEMPATH\CodeIgniter.php(921): App\Controllers\Landing->__construct()
 2 SYSTEMPATH\CodeIgniter.php(488): CodeIgniter\CodeIgniter->createController()
 3 SYSTEMPATH\CodeIgniter.php(340): CodeIgniter\CodeIgniter->handleRequest(null, Object(Config\Cache), false)
 4 SYSTEMPATH\Boot.php(417): CodeIgniter\CodeIgniter->run()
 5 SYSTEMPATH\Boot.php(68): CodeIgniter\Boot::runCodeIgniter(Object(CodeIgniter\CodeIgniter))
 6 FCPATH\index.php(59): CodeIgniter\Boot::bootWeb(Object(Config\Paths))
DEBUG - 2026-04-17 16:09:29 --> Session: Class initialized using 'CodeIgniter\Session\Handlers\FileHandler' driver.
WARNING - 2026-04-17 16:09:29 --> [DEPRECATED] Creation of dynamic property App\Controllers\Landing::$session is deprecated in APPPATH\Controllers\Landing.php on line 12.
 1 SYSTEMPATH\CodeIgniter.php(921): App\Controllers\Landing->__construct()
 2 SYSTEMPATH\CodeIgniter.php(488): CodeIgniter\CodeIgniter->createController()
 3 SYSTEMPATH\CodeIgniter.php(340): CodeIgniter\CodeIgniter->handleRequest(null, Object(Config\Cache), false)
 4 SYSTEMPATH\Boot.php(417): CodeIgniter\CodeIgniter->run()
 5 SYSTEMPATH\Boot.php(68): CodeIgniter\Boot::runCodeIgniter(Object(CodeIgniter\CodeIgniter))
 6 FCPATH\index.php(59): CodeIgniter\Boot::bootWeb(Object(Config\Paths))
WARNING - 2026-04-17 16:09:30 --> [DEPRECATED] Creation of dynamic property App\Controllers\Landing::$Crud is deprecated in APPPATH\Controllers\Landing.php on line 10.
 1 SYSTEMPATH\CodeIgniter.php(921): App\Controllers\Landing->__construct()
 2 SYSTEMPATH\CodeIgniter.php(488): CodeIgniter\CodeIgniter->createController()
 3 SYSTEMPATH\CodeIgniter.php(340): CodeIgniter\CodeIgniter->handleRequest(null, Object(Config\Cache), false)
 4 SYSTEMPATH\Boot.php(417): CodeIgniter\CodeIgniter->run()
 5 SYSTEMPATH\Boot.php(68): CodeIgniter\Boot::runCodeIgniter(Object(CodeIgniter\CodeIgniter))
 6 FCPATH\index.php(59): CodeIgniter\Boot::bootWeb(Object(Config\Paths))
WARNING - 2026-04-17 16:09:30 --> [DEPRECATED] Creation of dynamic property App\Controllers\Landing::$db is deprecated in APPPATH\Controllers\Landing.php on line 11.
 1 SYSTEMPATH\CodeIgniter.php(921): App\Controllers\Landing->__construct()
 2 SYSTEMPATH\CodeIgniter.php(488): CodeIgniter\CodeIgniter->createController()
 3 SYSTEMPATH\CodeIgniter.php(340): CodeIgniter\CodeIgniter->handleRequest(null, Object(Config\Cache), false)
 4 SYSTEMPATH\Boot.php(417): CodeIgniter\CodeIgniter->run()
 5 SYSTEMPATH\Boot.php(68): CodeIgniter\Boot::runCodeIgniter(Object(CodeIgniter\CodeIgniter))
 6 FCPATH\index.php(59): CodeIgniter\Boot::bootWeb(Object(Config\Paths))
DEBUG - 2026-04-17 16:09:30 --> Session: Class initialized using 'CodeIgniter\Session\Handlers\FileHandler' driver.
WARNING - 2026-04-17 16:09:30 --> [DEPRECATED] Creation of dynamic property App\Controllers\Landing::$session is deprecated in APPPATH\Controllers\Landing.php on line 12.
 1 SYSTEMPATH\CodeIgniter.php(921): App\Controllers\Landing->__construct()
 2 SYSTEMPATH\CodeIgniter.php(488): CodeIgniter\CodeIgniter->createController()
 3 SYSTEMPATH\CodeIgniter.php(340): CodeIgniter\CodeIgniter->handleRequest(null, Object(Config\Cache), false)
 4 SYSTEMPATH\Boot.php(417): CodeIgniter\CodeIgniter->run()
 5 SYSTEMPATH\Boot.php(68): CodeIgniter\Boot::runCodeIgniter(Object(CodeIgniter\CodeIgniter))
 6 FCPATH\index.php(59): CodeIgniter\Boot::bootWeb(Object(Config\Paths))
WARNING - 2026-04-17 16:09:37 --> [DEPRECATED] Creation of dynamic property App\Controllers\Landing::$Crud is deprecated in APPPATH\Controllers\Landing.php on line 10.
 1 SYSTEMPATH\CodeIgniter.php(921): App\Controllers\Landing->__construct()
 2 SYSTEMPATH\CodeIgniter.php(488): CodeIgniter\CodeIgniter->createController()
 3 SYSTEMPATH\CodeIgniter.php(340): CodeIgniter\CodeIgniter->handleRequest(null, Object(Config\Cache), false)
 4 SYSTEMPATH\Boot.php(417): CodeIgniter\CodeIgniter->run()
 5 SYSTEMPATH\Boot.php(68): CodeIgniter\Boot::runCodeIgniter(Object(CodeIgniter\CodeIgniter))
 6 FCPATH\index.php(59): CodeIgniter\Boot::bootWeb(Object(Config\Paths))
WARNING - 2026-04-17 16:09:37 --> [DEPRECATED] Creation of dynamic property App\Controllers\Landing::$db is deprecated in APPPATH\Controllers\Landing.php on line 11.
 1 SYSTEMPATH\CodeIgniter.php(921): App\Controllers\Landing->__construct()
 2 SYSTEMPATH\CodeIgniter.php(488): CodeIgniter\CodeIgniter->createController()
 3 SYSTEMPATH\CodeIgniter.php(340): CodeIgniter\CodeIgniter->handleRequest(null, Object(Config\Cache), false)
 4 SYSTEMPATH\Boot.php(417): CodeIgniter\CodeIgniter->run()
 5 SYSTEMPATH\Boot.php(68): CodeIgniter\Boot::runCodeIgniter(Object(CodeIgniter\CodeIgniter))
 6 FCPATH\index.php(59): CodeIgniter\Boot::bootWeb(Object(Config\Paths))
DEBUG - 2026-04-17 16:09:37 --> Session: Class initialized using 'CodeIgniter\Session\Handlers\FileHandler' driver.
WARNING - 2026-04-17 16:09:37 --> [DEPRECATED] Creation of dynamic property App\Controllers\Landing::$session is deprecated in APPPATH\Controllers\Landing.php on line 12.
 1 SYSTEMPATH\CodeIgniter.php(921): App\Controllers\Landing->__construct()
 2 SYSTEMPATH\CodeIgniter.php(488): CodeIgniter\CodeIgniter->createController()
 3 SYSTEMPATH\CodeIgniter.php(340): CodeIgniter\CodeIgniter->handleRequest(null, Object(Config\Cache), false)
 4 SYSTEMPATH\Boot.php(417): CodeIgniter\CodeIgniter->run()
 5 SYSTEMPATH\Boot.php(68): CodeIgniter\Boot::runCodeIgniter(Object(CodeIgniter\CodeIgniter))
 6 FCPATH\index.php(59): CodeIgniter\Boot::bootWeb(Object(Config\Paths))
WARNING - 2026-04-17 16:09:58 --> [DEPRECATED] Creation of dynamic property App\Controllers\AdminAuth::$Crud is deprecated in APPPATH\Controllers\AdminAuth.php on line 11.
 1 SYSTEMPATH\CodeIgniter.php(921): App\Controllers\AdminAuth->__construct()
 2 SYSTEMPATH\CodeIgniter.php(488): CodeIgniter\CodeIgniter->createController()
 3 SYSTEMPATH\CodeIgniter.php(340): CodeIgniter\CodeIgniter->handleRequest(null, Object(Config\Cache), false)
 4 SYSTEMPATH\Boot.php(417): CodeIgniter\CodeIgniter->run()
 5 SYSTEMPATH\Boot.php(68): CodeIgniter\Boot::runCodeIgniter(Object(CodeIgniter\CodeIgniter))
 6 FCPATH\index.php(59): CodeIgniter\Boot::bootWeb(Object(Config\Paths))
WARNING - 2026-04-17 16:09:58 --> [DEPRECATED] Creation of dynamic property App\Controllers\AdminAuth::$db is deprecated in APPPATH\Controllers\AdminAuth.php on line 12.
 1 SYSTEMPATH\CodeIgniter.php(921): App\Controllers\AdminAuth->__construct()
 2 SYSTEMPATH\CodeIgniter.php(488): CodeIgniter\CodeIgniter->createController()
 3 SYSTEMPATH\CodeIgniter.php(340): CodeIgniter\CodeIgniter->handleRequest(null, Object(Config\Cache), false)
 4 SYSTEMPATH\Boot.php(417): CodeIgniter\CodeIgniter->run()
 5 SYSTEMPATH\Boot.php(68): CodeIgniter\Boot::runCodeIgniter(Object(CodeIgniter\CodeIgniter))
 6 FCPATH\index.php(59): CodeIgniter\Boot::bootWeb(Object(Config\Paths))
DEBUG - 2026-04-17 16:09:58 --> Session: Class initialized using 'CodeIgniter\Session\Handlers\FileHandler' driver.
WARNING - 2026-04-17 16:09:58 --> [DEPRECATED] Creation of dynamic property App\Controllers\AdminAuth::$session is deprecated in APPPATH\Controllers\AdminAuth.php on line 13.
 1 SYSTEMPATH\CodeIgniter.php(921): App\Controllers\AdminAuth->__construct()
 2 SYSTEMPATH\CodeIgniter.php(488): CodeIgniter\CodeIgniter->createController()
 3 SYSTEMPATH\CodeIgniter.php(340): CodeIgniter\CodeIgniter->handleRequest(null, Object(Config\Cache), false)
 4 SYSTEMPATH\Boot.php(417): CodeIgniter\CodeIgniter->run()
 5 SYSTEMPATH\Boot.php(68): CodeIgniter\Boot::runCodeIgniter(Object(CodeIgniter\CodeIgniter))
 6 FCPATH\index.php(59): CodeIgniter\Boot::bootWeb(Object(Config\Paths))
WARNING - 2026-04-17 16:10:02 --> [DEPRECATED] Creation of dynamic property App\Controllers\AdminAuth::$Crud is deprecated in APPPATH\Controllers\AdminAuth.php on line 11.
 1 SYSTEMPATH\CodeIgniter.php(921): App\Controllers\AdminAuth->__construct()
 2 SYSTEMPATH\CodeIgniter.php(488): CodeIgniter\CodeIgniter->createController()
 3 SYSTEMPATH\CodeIgniter.php(340): CodeIgniter\CodeIgniter->handleRequest(null, Object(Config\Cache), false)
 4 SYSTEMPATH\Boot.php(417): CodeIgniter\CodeIgniter->run()
 5 SYSTEMPATH\Boot.php(68): CodeIgniter\Boot::runCodeIgniter(Object(CodeIgniter\CodeIgniter))
 6 FCPATH\index.php(59): CodeIgniter\Boot::bootWeb(Object(Config\Paths))
WARNING - 2026-04-17 16:10:02 --> [DEPRECATED] Creation of dynamic property App\Controllers\AdminAuth::$db is deprecated in APPPATH\Controllers\AdminAuth.php on line 12.
 1 SYSTEMPATH\CodeIgniter.php(921): App\Controllers\AdminAuth->__construct()
 2 SYSTEMPATH\CodeIgniter.php(488): CodeIgniter\CodeIgniter->createController()
 3 SYSTEMPATH\CodeIgniter.php(340): CodeIgniter\CodeIgniter->handleRequest(null, Object(Config\Cache), false)
 4 SYSTEMPATH\Boot.php(417): CodeIgniter\CodeIgniter->run()
 5 SYSTEMPATH\Boot.php(68): CodeIgniter\Boot::runCodeIgniter(Object(CodeIgniter\CodeIgniter))
 6 FCPATH\index.php(59): CodeIgniter\Boot::bootWeb(Object(Config\Paths))
DEBUG - 2026-04-17 16:10:02 --> Session: Class initialized using 'CodeIgniter\Session\Handlers\FileHandler' driver.
WARNING - 2026-04-17 16:10:02 --> [DEPRECATED] Creation of dynamic property App\Controllers\AdminAuth::$session is deprecated in APPPATH\Controllers\AdminAuth.php on line 13.
 1 SYSTEMPATH\CodeIgniter.php(921): App\Controllers\AdminAuth->__construct()
 2 SYSTEMPATH\CodeIgniter.php(488): CodeIgniter\CodeIgniter->createController()
 3 SYSTEMPATH\CodeIgniter.php(340): CodeIgniter\CodeIgniter->handleRequest(null, Object(Config\Cache), false)
 4 SYSTEMPATH\Boot.php(417): CodeIgniter\CodeIgniter->run()
 5 SYSTEMPATH\Boot.php(68): CodeIgniter\Boot::runCodeIgniter(Object(CodeIgniter\CodeIgniter))
 6 FCPATH\index.php(59): CodeIgniter\Boot::bootWeb(Object(Config\Paths))
WARNING - 2026-04-17 16:10:03 --> [DEPRECATED] Creation of dynamic property App\Controllers\AdminAuth::$Crud is deprecated in APPPATH\Controllers\AdminAuth.php on line 11.
 1 SYSTEMPATH\CodeIgniter.php(921): App\Controllers\AdminAuth->__construct()
 2 SYSTEMPATH\CodeIgniter.php(488): CodeIgniter\CodeIgniter->createController()
 3 SYSTEMPATH\CodeIgniter.php(340): CodeIgniter\CodeIgniter->handleRequest(null, Object(Config\Cache), false)
 4 SYSTEMPATH\Boot.php(417): CodeIgniter\CodeIgniter->run()
 5 SYSTEMPATH\Boot.php(68): CodeIgniter\Boot::runCodeIgniter(Object(CodeIgniter\CodeIgniter))
 6 FCPATH\index.php(59): CodeIgniter\Boot::bootWeb(Object(Config\Paths))
WARNING - 2026-04-17 16:10:03 --> [DEPRECATED] Creation of dynamic property App\Controllers\AdminAuth::$db is deprecated in APPPATH\Controllers\AdminAuth.php on line 12.
 1 SYSTEMPATH\CodeIgniter.php(921): App\Controllers\AdminAuth->__construct()
 2 SYSTEMPATH\CodeIgniter.php(488): CodeIgniter\CodeIgniter->createController()
 3 SYSTEMPATH\CodeIgniter.php(340): CodeIgniter\CodeIgniter->handleRequest(null, Object(Config\Cache), false)
 4 SYSTEMPATH\Boot.php(417): CodeIgniter\CodeIgniter->run()
 5 SYSTEMPATH\Boot.php(68): CodeIgniter\Boot::runCodeIgniter(Object(CodeIgniter\CodeIgniter))
 6 FCPATH\index.php(59): CodeIgniter\Boot::bootWeb(Object(Config\Paths))
DEBUG - 2026-04-17 16:10:03 --> Session: Class initialized using 'CodeIgniter\Session\Handlers\FileHandler' driver.
WARNING - 2026-04-17 16:10:03 --> [DEPRECATED] Creation of dynamic property App\Controllers\AdminAuth::$session is deprecated in APPPATH\Controllers\AdminAuth.php on line 13.
 1 SYSTEMPATH\CodeIgniter.php(921): App\Controllers\AdminAuth->__construct()
 2 SYSTEMPATH\CodeIgniter.php(488): CodeIgniter\CodeIgniter->createController()
 3 SYSTEMPATH\CodeIgniter.php(340): CodeIgniter\CodeIgniter->handleRequest(null, Object(Config\Cache), false)
 4 SYSTEMPATH\Boot.php(417): CodeIgniter\CodeIgniter->run()
 5 SYSTEMPATH\Boot.php(68): CodeIgniter\Boot::runCodeIgniter(Object(CodeIgniter\CodeIgniter))
 6 FCPATH\index.php(59): CodeIgniter\Boot::bootWeb(Object(Config\Paths))
WARNING - 2026-04-17 16:10:07 --> [DEPRECATED] Creation of dynamic property App\Controllers\AdminAuth::$Crud is deprecated in APPPATH\Controllers\AdminAuth.php on line 11.
 1 SYSTEMPATH\CodeIgniter.php(921): App\Controllers\AdminAuth->__construct()
 2 SYSTEMPATH\CodeIgniter.php(488): CodeIgniter\CodeIgniter->createController()
 3 SYSTEMPATH\CodeIgniter.php(340): CodeIgniter\CodeIgniter->handleRequest(null, Object(Config\Cache), false)
 4 SYSTEMPATH\Boot.php(417): CodeIgniter\CodeIgniter->run()
 5 SYSTEMPATH\Boot.php(68): CodeIgniter\Boot::runCodeIgniter(Object(CodeIgniter\CodeIgniter))
 6 FCPATH\index.php(59): CodeIgniter\Boot::bootWeb(Object(Config\Paths))
WARNING - 2026-04-17 16:10:07 --> [DEPRECATED] Creation of dynamic property App\Controllers\AdminAuth::$db is deprecated in APPPATH\Controllers\AdminAuth.php on line 12.
 1 SYSTEMPATH\CodeIgniter.php(921): App\Controllers\AdminAuth->__construct()
 2 SYSTEMPATH\CodeIgniter.php(488): CodeIgniter\CodeIgniter->createController()
 3 SYSTEMPATH\CodeIgniter.php(340): CodeIgniter\CodeIgniter->handleRequest(null, Object(Config\Cache), false)
 4 SYSTEMPATH\Boot.php(417): CodeIgniter\CodeIgniter->run()
 5 SYSTEMPATH\Boot.php(68): CodeIgniter\Boot::runCodeIgniter(Object(CodeIgniter\CodeIgniter))
 6 FCPATH\index.php(59): CodeIgniter\Boot::bootWeb(Object(Config\Paths))
DEBUG - 2026-04-17 16:10:07 --> Session: Class initialized using 'CodeIgniter\Session\Handlers\FileHandler' driver.
WARNING - 2026-04-17 16:10:07 --> [DEPRECATED] Creation of dynamic property App\Controllers\AdminAuth::$session is deprecated in APPPATH\Controllers\AdminAuth.php on line 13.
 1 SYSTEMPATH\CodeIgniter.php(921): App\Controllers\AdminAuth->__construct()
 2 SYSTEMPATH\CodeIgniter.php(488): CodeIgniter\CodeIgniter->createController()
 3 SYSTEMPATH\CodeIgniter.php(340): CodeIgniter\CodeIgniter->handleRequest(null, Object(Config\Cache), false)
 4 SYSTEMPATH\Boot.php(417): CodeIgniter\CodeIgniter->run()
 5 SYSTEMPATH\Boot.php(68): CodeIgniter\Boot::runCodeIgniter(Object(CodeIgniter\CodeIgniter))
 6 FCPATH\index.php(59): CodeIgniter\Boot::bootWeb(Object(Config\Paths))
WARNING - 2026-04-17 16:10:07 --> [DEPRECATED] Creation of dynamic property App\Controllers\AdminAuth::$Crud is deprecated in APPPATH\Controllers\AdminAuth.php on line 11.
 1 SYSTEMPATH\CodeIgniter.php(921): App\Controllers\AdminAuth->__construct()
 2 SYSTEMPATH\CodeIgniter.php(488): CodeIgniter\CodeIgniter->createController()
 3 SYSTEMPATH\CodeIgniter.php(340): CodeIgniter\CodeIgniter->handleRequest(null, Object(Config\Cache), false)
 4 SYSTEMPATH\Boot.php(417): CodeIgniter\CodeIgniter->run()
 5 SYSTEMPATH\Boot.php(68): CodeIgniter\Boot::runCodeIgniter(Object(CodeIgniter\CodeIgniter))
 6 FCPATH\index.php(59): CodeIgniter\Boot::bootWeb(Object(Config\Paths))
WARNING - 2026-04-17 16:10:07 --> [DEPRECATED] Creation of dynamic property App\Controllers\AdminAuth::$db is deprecated in APPPATH\Controllers\AdminAuth.php on line 12.
 1 SYSTEMPATH\CodeIgniter.php(921): App\Controllers\AdminAuth->__construct()
 2 SYSTEMPATH\CodeIgniter.php(488): CodeIgniter\CodeIgniter->createController()
 3 SYSTEMPATH\CodeIgniter.php(340): CodeIgniter\CodeIgniter->handleRequest(null, Object(Config\Cache), false)
 4 SYSTEMPATH\Boot.php(417): CodeIgniter\CodeIgniter->run()
 5 SYSTEMPATH\Boot.php(68): CodeIgniter\Boot::runCodeIgniter(Object(CodeIgniter\CodeIgniter))
 6 FCPATH\index.php(59): CodeIgniter\Boot::bootWeb(Object(Config\Paths))
DEBUG - 2026-04-17 16:10:07 --> Session: Class initialized using 'CodeIgniter\Session\Handlers\FileHandler' driver.
WARNING - 2026-04-17 16:10:07 --> [DEPRECATED] Creation of dynamic property App\Controllers\AdminAuth::$session is deprecated in APPPATH\Controllers\AdminAuth.php on line 13.
 1 SYSTEMPATH\CodeIgniter.php(921): App\Controllers\AdminAuth->__construct()
 2 SYSTEMPATH\CodeIgniter.php(488): CodeIgniter\CodeIgniter->createController()
 3 SYSTEMPATH\CodeIgniter.php(340): CodeIgniter\CodeIgniter->handleRequest(null, Object(Config\Cache), false)
 4 SYSTEMPATH\Boot.php(417): CodeIgniter\CodeIgniter->run()
 5 SYSTEMPATH\Boot.php(68): CodeIgniter\Boot::runCodeIgniter(Object(CodeIgniter\CodeIgniter))
 6 FCPATH\index.php(59): CodeIgniter\Boot::bootWeb(Object(Config\Paths))
WARNING - 2026-04-17 16:10:10 --> [DEPRECATED] Creation of dynamic property App\Controllers\AdminAuth::$Crud is deprecated in APPPATH\Controllers\AdminAuth.php on line 11.
 1 SYSTEMPATH\CodeIgniter.php(921): App\Controllers\AdminAuth->__construct()
 2 SYSTEMPATH\CodeIgniter.php(488): CodeIgniter\CodeIgniter->createController()
 3 SYSTEMPATH\CodeIgniter.php(340): CodeIgniter\CodeIgniter->handleRequest(null, Object(Config\Cache), false)
 4 SYSTEMPATH\Boot.php(417): CodeIgniter\CodeIgniter->run()
 5 SYSTEMPATH\Boot.php(68): CodeIgniter\Boot::runCodeIgniter(Object(CodeIgniter\CodeIgniter))
 6 FCPATH\index.php(59): CodeIgniter\Boot::bootWeb(Object(Config\Paths))
WARNING - 2026-04-17 16:10:10 --> [DEPRECATED] Creation of dynamic property App\Controllers\AdminAuth::$db is deprecated in APPPATH\Controllers\AdminAuth.php on line 12.
 1 SYSTEMPATH\CodeIgniter.php(921): App\Controllers\AdminAuth->__construct()
 2 SYSTEMPATH\CodeIgniter.php(488): CodeIgniter\CodeIgniter->createController()
 3 SYSTEMPATH\CodeIgniter.php(340): CodeIgniter\CodeIgniter->handleRequest(null, Object(Config\Cache), false)
 4 SYSTEMPATH\Boot.php(417): CodeIgniter\CodeIgniter->run()
 5 SYSTEMPATH\Boot.php(68): CodeIgniter\Boot::runCodeIgniter(Object(CodeIgniter\CodeIgniter))
 6 FCPATH\index.php(59): CodeIgniter\Boot::bootWeb(Object(Config\Paths))
DEBUG - 2026-04-17 16:10:10 --> Session: Class initialized using 'CodeIgniter\Session\Handlers\FileHandler' driver.
WARNING - 2026-04-17 16:10:10 --> [DEPRECATED] Creation of dynamic property App\Controllers\AdminAuth::$session is deprecated in APPPATH\Controllers\AdminAuth.php on line 13.
 1 SYSTEMPATH\CodeIgniter.php(921): App\Controllers\AdminAuth->__construct()
 2 SYSTEMPATH\CodeIgniter.php(488): CodeIgniter\CodeIgniter->createController()
 3 SYSTEMPATH\CodeIgniter.php(340): CodeIgniter\CodeIgniter->handleRequest(null, Object(Config\Cache), false)
 4 SYSTEMPATH\Boot.php(417): CodeIgniter\CodeIgniter->run()
 5 SYSTEMPATH\Boot.php(68): CodeIgniter\Boot::runCodeIgniter(Object(CodeIgniter\CodeIgniter))
 6 FCPATH\index.php(59): CodeIgniter\Boot::bootWeb(Object(Config\Paths))
WARNING - 2026-04-17 16:10:10 --> [DEPRECATED] Creation of dynamic property App\Controllers\AdminAuth::$Crud is deprecated in APPPATH\Controllers\AdminAuth.php on line 11.
 1 SYSTEMPATH\CodeIgniter.php(921): App\Controllers\AdminAuth->__construct()
 2 SYSTEMPATH\CodeIgniter.php(488): CodeIgniter\CodeIgniter->createController()
 3 SYSTEMPATH\CodeIgniter.php(340): CodeIgniter\CodeIgniter->handleRequest(null, Object(Config\Cache), false)
 4 SYSTEMPATH\Boot.php(417): CodeIgniter\CodeIgniter->run()
 5 SYSTEMPATH\Boot.php(68): CodeIgniter\Boot::runCodeIgniter(Object(CodeIgniter\CodeIgniter))
 6 FCPATH\index.php(59): CodeIgniter\Boot::bootWeb(Object(Config\Paths))
WARNING - 2026-04-17 16:10:10 --> [DEPRECATED] Creation of dynamic property App\Controllers\AdminAuth::$db is deprecated in APPPATH\Controllers\AdminAuth.php on line 12.
 1 SYSTEMPATH\CodeIgniter.php(921): App\Controllers\AdminAuth->__construct()
 2 SYSTEMPATH\CodeIgniter.php(488): CodeIgniter\CodeIgniter->createController()
 3 SYSTEMPATH\CodeIgniter.php(340): CodeIgniter\CodeIgniter->handleRequest(null, Object(Config\Cache), false)
 4 SYSTEMPATH\Boot.php(417): CodeIgniter\CodeIgniter->run()
 5 SYSTEMPATH\Boot.php(68): CodeIgniter\Boot::runCodeIgniter(Object(CodeIgniter\CodeIgniter))
 6 FCPATH\index.php(59): CodeIgniter\Boot::bootWeb(Object(Config\Paths))
DEBUG - 2026-04-17 16:10:10 --> Session: Class initialized using 'CodeIgniter\Session\Handlers\FileHandler' driver.
WARNING - 2026-04-17 16:10:10 --> [DEPRECATED] Creation of dynamic property App\Controllers\AdminAuth::$session is deprecated in APPPATH\Controllers\AdminAuth.php on line 13.
 1 SYSTEMPATH\CodeIgniter.php(921): App\Controllers\AdminAuth->__construct()
 2 SYSTEMPATH\CodeIgniter.php(488): CodeIgniter\CodeIgniter->createController()
 3 SYSTEMPATH\CodeIgniter.php(340): CodeIgniter\CodeIgniter->handleRequest(null, Object(Config\Cache), false)
 4 SYSTEMPATH\Boot.php(417): CodeIgniter\CodeIgniter->run()
 5 SYSTEMPATH\Boot.php(68): CodeIgniter\Boot::runCodeIgniter(Object(CodeIgniter\CodeIgniter))
 6 FCPATH\index.php(59): CodeIgniter\Boot::bootWeb(Object(Config\Paths))
WARNING - 2026-04-17 16:10:34 --> [DEPRECATED] Creation of dynamic property App\Controllers\AdminAuth::$Crud is deprecated in APPPATH\Controllers\AdminAuth.php on line 11.
 1 SYSTEMPATH\CodeIgniter.php(921): App\Controllers\AdminAuth->__construct()
 2 SYSTEMPATH\CodeIgniter.php(488): CodeIgniter\CodeIgniter->createController()
 3 SYSTEMPATH\CodeIgniter.php(340): CodeIgniter\CodeIgniter->handleRequest(null, Object(Config\Cache), false)
 4 SYSTEMPATH\Boot.php(417): CodeIgniter\CodeIgniter->run()
 5 SYSTEMPATH\Boot.php(68): CodeIgniter\Boot::runCodeIgniter(Object(CodeIgniter\CodeIgniter))
 6 FCPATH\index.php(59): CodeIgniter\Boot::bootWeb(Object(Config\Paths))
WARNING - 2026-04-17 16:10:34 --> [DEPRECATED] Creation of dynamic property App\Controllers\AdminAuth::$db is deprecated in APPPATH\Controllers\AdminAuth.php on line 12.
 1 SYSTEMPATH\CodeIgniter.php(921): App\Controllers\AdminAuth->__construct()
 2 SYSTEMPATH\CodeIgniter.php(488): CodeIgniter\CodeIgniter->createController()
 3 SYSTEMPATH\CodeIgniter.php(340): CodeIgniter\CodeIgniter->handleRequest(null, Object(Config\Cache), false)
 4 SYSTEMPATH\Boot.php(417): CodeIgniter\CodeIgniter->run()
 5 SYSTEMPATH\Boot.php(68): CodeIgniter\Boot::runCodeIgniter(Object(CodeIgniter\CodeIgniter))
 6 FCPATH\index.php(59): CodeIgniter\Boot::bootWeb(Object(Config\Paths))
DEBUG - 2026-04-17 16:10:34 --> Session: Class initialized using 'CodeIgniter\Session\Handlers\FileHandler' driver.
WARNING - 2026-04-17 16:10:34 --> [DEPRECATED] Creation of dynamic property App\Controllers\AdminAuth::$session is deprecated in APPPATH\Controllers\AdminAuth.php on line 13.
 1 SYSTEMPATH\CodeIgniter.php(921): App\Controllers\AdminAuth->__construct()
 2 SYSTEMPATH\CodeIgniter.php(488): CodeIgniter\CodeIgniter->createController()
 3 SYSTEMPATH\CodeIgniter.php(340): CodeIgniter\CodeIgniter->handleRequest(null, Object(Config\Cache), false)
 4 SYSTEMPATH\Boot.php(417): CodeIgniter\CodeIgniter->run()
 5 SYSTEMPATH\Boot.php(68): CodeIgniter\Boot::runCodeIgniter(Object(CodeIgniter\CodeIgniter))
 6 FCPATH\index.php(59): CodeIgniter\Boot::bootWeb(Object(Config\Paths))
WARNING - 2026-04-17 16:10:34 --> [DEPRECATED] Creation of dynamic property App\Controllers\AdminDashboard::$Crud is deprecated in APPPATH\Controllers\AdminDashboard.php on line 10.
 1 SYSTEMPATH\CodeIgniter.php(921): App\Controllers\AdminDashboard->__construct()
 2 SYSTEMPATH\CodeIgniter.php(488): CodeIgniter\CodeIgniter->createController()
 3 SYSTEMPATH\CodeIgniter.php(340): CodeIgniter\CodeIgniter->handleRequest(null, Object(Config\Cache), false)
 4 SYSTEMPATH\Boot.php(417): CodeIgniter\CodeIgniter->run()
 5 SYSTEMPATH\Boot.php(68): CodeIgniter\Boot::runCodeIgniter(Object(CodeIgniter\CodeIgniter))
 6 FCPATH\index.php(59): CodeIgniter\Boot::bootWeb(Object(Config\Paths))
WARNING - 2026-04-17 16:10:34 --> [DEPRECATED] Creation of dynamic property App\Controllers\AdminDashboard::$db is deprecated in APPPATH\Controllers\AdminDashboard.php on line 11.
 1 SYSTEMPATH\CodeIgniter.php(921): App\Controllers\AdminDashboard->__construct()
 2 SYSTEMPATH\CodeIgniter.php(488): CodeIgniter\CodeIgniter->createController()
 3 SYSTEMPATH\CodeIgniter.php(340): CodeIgniter\CodeIgniter->handleRequest(null, Object(Config\Cache), false)
 4 SYSTEMPATH\Boot.php(417): CodeIgniter\CodeIgniter->run()
 5 SYSTEMPATH\Boot.php(68): CodeIgniter\Boot::runCodeIgniter(Object(CodeIgniter\CodeIgniter))
 6 FCPATH\index.php(59): CodeIgniter\Boot::bootWeb(Object(Config\Paths))
DEBUG - 2026-04-17 16:10:34 --> Session: Class initialized using 'CodeIgniter\Session\Handlers\FileHandler' driver.
WARNING - 2026-04-17 16:10:34 --> [DEPRECATED] Creation of dynamic property App\Controllers\AdminDashboard::$session is deprecated in APPPATH\Controllers\AdminDashboard.php on line 12.
 1 SYSTEMPATH\CodeIgniter.php(921): App\Controllers\AdminDashboard->__construct()
 2 SYSTEMPATH\CodeIgniter.php(488): CodeIgniter\CodeIgniter->createController()
 3 SYSTEMPATH\CodeIgniter.php(340): CodeIgniter\CodeIgniter->handleRequest(null, Object(Config\Cache), false)
 4 SYSTEMPATH\Boot.php(417): CodeIgniter\CodeIgniter->run()
 5 SYSTEMPATH\Boot.php(68): CodeIgniter\Boot::runCodeIgniter(Object(CodeIgniter\CodeIgniter))
 6 FCPATH\index.php(59): CodeIgniter\Boot::bootWeb(Object(Config\Paths))
CRITICAL - 2026-04-17 19:40:34 --> ErrorException: Undefined array key "homeannouncement_title"
[Method: GET, Route: id]
in APPPATH\Views\landingid\home.php on line 10.
 1 APPPATH\Views\landingid\home.php(10): CodeIgniter\Debug\Exceptions->errorHandler(2, 'Undefined array key "homeannouncement_title"', 'C:\\xampp\\htdocs\\bxsea\\app\\Views\\landingid\\home.php', 10)
 2 SYSTEMPATH\View\View.php(238): include('C:\\xampp\\htdocs\\bxsea\\app\\Views\\landingid\\home.php')
 3 SYSTEMPATH\View\View.php(241): CodeIgniter\View\View->CodeIgniter\View\{closure}()
 4 SYSTEMPATH\Common.php(1250): CodeIgniter\View\View->render('landingid/home', [], true)
 5 APPPATH\Controllers\Landing.php(64): view('landingid/home', [...])
 6 SYSTEMPATH\CodeIgniter.php(951): App\Controllers\Landing->index()
 7 SYSTEMPATH\CodeIgniter.php(497): CodeIgniter\CodeIgniter->runController(Object(App\Controllers\Landing))
 8 SYSTEMPATH\CodeIgniter.php(340): CodeIgniter\CodeIgniter->handleRequest(null, Object(Config\Cache), false)
 9 SYSTEMPATH\Boot.php(417): CodeIgniter\CodeIgniter->run()
10 SYSTEMPATH\Boot.php(68): CodeIgniter\Boot::runCodeIgniter(Object(CodeIgniter\CodeIgniter))
11 FCPATH\index.php(59): CodeIgniter\Boot::bootWeb(Object(Config\Paths))
CRITICAL - 2026-04-17 19:40:38 --> ErrorException: Undefined array key "homeannouncement_title"
[Method: GET, Route: id]
in APPPATH\Views\landingid\home.php on line 10.
 1 APPPATH\Views\landingid\home.php(10): CodeIgniter\Debug\Exceptions->errorHandler(2, 'Undefined array key "homeannouncement_title"', 'C:\\xampp\\htdocs\\bxsea\\app\\Views\\landingid\\home.php', 10)
 2 SYSTEMPATH\View\View.php(238): include('C:\\xampp\\htdocs\\bxsea\\app\\Views\\landingid\\home.php')
 3 SYSTEMPATH\View\View.php(241): CodeIgniter\View\View->CodeIgniter\View\{closure}()
 4 SYSTEMPATH\Common.php(1250): CodeIgniter\View\View->render('landingid/home', [], true)
 5 APPPATH\Controllers\Landing.php(64): view('landingid/home', [...])
 6 SYSTEMPATH\CodeIgniter.php(951): App\Controllers\Landing->index()
 7 SYSTEMPATH\CodeIgniter.php(497): CodeIgniter\CodeIgniter->runController(Object(App\Controllers\Landing))
 8 SYSTEMPATH\CodeIgniter.php(340): CodeIgniter\CodeIgniter->handleRequest(null, Object(Config\Cache), false)
 9 SYSTEMPATH\Boot.php(417): CodeIgniter\CodeIgniter->run()
10 SYSTEMPATH\Boot.php(68): CodeIgniter\Boot::runCodeIgniter(Object(CodeIgniter\CodeIgniter))
11 FCPATH\index.php(59): CodeIgniter\Boot::bootWeb(Object(Config\Paths))
CRITICAL - 2026-04-17 19:40:50 --> ErrorException: Undefined array key "homeannouncement_title"
[Method: GET, Route: id]
in APPPATH\Views\landingid\home.php on line 10.
 1 APPPATH\Views\landingid\home.php(10): CodeIgniter\Debug\Exceptions->errorHandler(2, 'Undefined array key "homeannouncement_title"', 'C:\\xampp\\htdocs\\bxsea\\app\\Views\\landingid\\home.php', 10)
 2 SYSTEMPATH\View\View.php(238): include('C:\\xampp\\htdocs\\bxsea\\app\\Views\\landingid\\home.php')
 3 SYSTEMPATH\View\View.php(241): CodeIgniter\View\View->CodeIgniter\View\{closure}()
 4 SYSTEMPATH\Common.php(1250): CodeIgniter\View\View->render('landingid/home', [], true)
 5 APPPATH\Controllers\Landing.php(64): view('landingid/home', [...])
 6 SYSTEMPATH\CodeIgniter.php(951): App\Controllers\Landing->index()
 7 SYSTEMPATH\CodeIgniter.php(497): CodeIgniter\CodeIgniter->runController(Object(App\Controllers\Landing))
 8 SYSTEMPATH\CodeIgniter.php(340): CodeIgniter\CodeIgniter->handleRequest(null, Object(Config\Cache), false)
 9 SYSTEMPATH\Boot.php(417): CodeIgniter\CodeIgniter->run()
10 SYSTEMPATH\Boot.php(68): CodeIgniter\Boot::runCodeIgniter(Object(CodeIgniter\CodeIgniter))
11 FCPATH\index.php(59): CodeIgniter\Boot::bootWeb(Object(Config\Paths))
CRITICAL - 2026-04-17 19:41:14 --> ErrorException: Undefined array key "homeannouncement_title"
[Method: GET, Route: id]
in APPPATH\Views\landingid\home.php on line 10.
 1 APPPATH\Views\landingid\home.php(10): CodeIgniter\Debug\Exceptions->errorHandler(2, 'Undefined array key "homeannouncement_title"', 'C:\\xampp\\htdocs\\bxsea\\app\\Views\\landingid\\home.php', 10)
 2 SYSTEMPATH\View\View.php(238): include('C:\\xampp\\htdocs\\bxsea\\app\\Views\\landingid\\home.php')
 3 SYSTEMPATH\View\View.php(241): CodeIgniter\View\View->CodeIgniter\View\{closure}()
 4 SYSTEMPATH\Common.php(1250): CodeIgniter\View\View->render('landingid/home', [], true)
 5 APPPATH\Controllers\Landing.php(64): view('landingid/home', [...])
 6 SYSTEMPATH\CodeIgniter.php(951): App\Controllers\Landing->index()
 7 SYSTEMPATH\CodeIgniter.php(497): CodeIgniter\CodeIgniter->runController(Object(App\Controllers\Landing))
 8 SYSTEMPATH\CodeIgniter.php(340): CodeIgniter\CodeIgniter->handleRequest(null, Object(Config\Cache), false)
 9 SYSTEMPATH\Boot.php(417): CodeIgniter\CodeIgniter->run()
10 SYSTEMPATH\Boot.php(68): CodeIgniter\Boot::runCodeIgniter(Object(CodeIgniter\CodeIgniter))
11 FCPATH\index.php(59): CodeIgniter\Boot::bootWeb(Object(Config\Paths))
CRITICAL - 2026-04-17 19:42:45 --> ErrorException: Undefined array key "homeannouncement_title"
[Method: GET, Route: id]
in APPPATH\Views\landingid\home.php on line 10.
 1 APPPATH\Views\landingid\home.php(10): CodeIgniter\Debug\Exceptions->errorHandler(2, 'Undefined array key "homeannouncement_title"', 'C:\\xampp\\htdocs\\bxsea\\app\\Views\\landingid\\home.php', 10)
 2 SYSTEMPATH\View\View.php(238): include('C:\\xampp\\htdocs\\bxsea\\app\\Views\\landingid\\home.php')
 3 SYSTEMPATH\View\View.php(241): CodeIgniter\View\View->CodeIgniter\View\{closure}()
 4 SYSTEMPATH\Common.php(1250): CodeIgniter\View\View->render('landingid/home', [], true)
 5 APPPATH\Controllers\Landing.php(64): view('landingid/home', [...])
 6 SYSTEMPATH\CodeIgniter.php(951): App\Controllers\Landing->index()
 7 SYSTEMPATH\CodeIgniter.php(497): CodeIgniter\CodeIgniter->runController(Object(App\Controllers\Landing))
 8 SYSTEMPATH\CodeIgniter.php(340): CodeIgniter\CodeIgniter->handleRequest(null, Object(Config\Cache), false)
 9 SYSTEMPATH\Boot.php(417): CodeIgniter\CodeIgniter->run()
10 SYSTEMPATH\Boot.php(68): CodeIgniter\Boot::runCodeIgniter(Object(CodeIgniter\CodeIgniter))
11 FCPATH\index.php(59): CodeIgniter\Boot::bootWeb(Object(Config\Paths))
