CRITICAL - 2026-04-18 05:03:00 --> CodeIgniter\Exceptions\RuntimeException: View themes, no current section.
[Method: GET, Route: id/tiket/harga]
in SYSTEMPATH\View\View.php on line 442.
 1 APPPATH\Views\landingid\tiketmaster.php(294): CodeIgniter\View\View->endSection()
 2 SYSTEMPATH\View\View.php(238): include('C:\\xampp\\htdocs\\bxsea\\app\\Views\\landingid\\tiketmaster.php')
 3 SYSTEMPATH\View\View.php(241): CodeIgniter\View\View->CodeIgniter\View\{closure}()
 4 SYSTEMPATH\Common.php(1250): CodeIgniter\View\View->render('landingid/tiketmaster', [], true)
 5 APPPATH\Controllers\Landing.php(90): view('landingid/tiketmaster', [...])
 6 SYSTEMPATH\CodeIgniter.php(951): App\Controllers\Landing->tiketmaster()
 7 SYSTEMPATH\CodeIgniter.php(497): CodeIgniter\CodeIgniter->runController(Object(App\Controllers\Landing))
 8 SYSTEMPATH\CodeIgniter.php(340): CodeIgniter\CodeIgniter->handleRequest(null, Object(Config\Cache), false)
 9 SYSTEMPATH\Boot.php(417): CodeIgniter\CodeIgniter->run()
10 SYSTEMPATH\Boot.php(68): CodeIgniter\Boot::runCodeIgniter(Object(CodeIgniter\CodeIgniter))
11 FCPATH\index.php(59): CodeIgniter\Boot::bootWeb(Object(Config\Paths))
CRITICAL - 2026-04-18 05:47:13 --> TypeError: CodeIgniter\CLI\InputOutput::input(): Return value must be of type string, bool returned
[Method: CLI, Route: db:table]
in SYSTEMPATH\CLI\InputOutput.php on line 46.
 1 SYSTEMPATH\CLI\CLI.php(260): CodeIgniter\CLI\InputOutput->input()
 2 SYSTEMPATH\CLI\CLI.php(298): CodeIgniter\CLI\CLI::prompt('
Which table do you want to see?', [...], [...])
 3 SYSTEMPATH\Commands\Database\ShowTableInfo.php(145): CodeIgniter\CLI\CLI::promptByKey([], [...], 'required')
 4 SYSTEMPATH\CLI\Commands.php(74): CodeIgniter\Commands\Database\ShowTableInfo->run([...])
 5 SYSTEMPATH\CLI\Console.php(47): CodeIgniter\CLI\Commands->run('db:table', [...])
 6 SYSTEMPATH\Boot.php(442): CodeIgniter\CLI\Console->run()
 7 SYSTEMPATH\Boot.php(166): CodeIgniter\Boot::runCommand(Object(CodeIgniter\CLI\Console))
 8 ROOTPATH\spark(87): CodeIgniter\Boot::bootSpark(Object(Config\Paths))
ERROR - 2026-04-18 05:52:46 --> Unknown column 'designasset_page' in 'where clause'
in SYSTEMPATH\Database\MySQLi\Connection.php on line 300.
 1 SYSTEMPATH\Database\MySQLi\Connection.php(300): mysqli->query('SELECT *
FROM `tbl_designasset`
WHERE `designasset_page` = \'school\'
AND `designasset_key` = \'teacher_image\'', 0)
 2 SYSTEMPATH\Database\BaseConnection.php(769): CodeIgniter\Database\MySQLi\Connection->execute('SELECT *
FROM `tbl_designasset`
WHERE `designasset_page` = \'school\'
AND `designasset_key` = \'teacher_image\'')
 3 SYSTEMPATH\Database\BaseConnection.php(686): CodeIgniter\Database\BaseConnection->simpleQuery('SELECT *
FROM `tbl_designasset`
WHERE `designasset_page` = \'school\'
AND `designasset_key` = \'teacher_image\'')
 4 SYSTEMPATH\Database\BaseBuilder.php(1649): CodeIgniter\Database\BaseConnection->query('SELECT *
FROM `tbl_designasset`
WHERE `designasset_page` = :designasset_page:
AND `designasset_key` = :designasset_key:', [...], false)
 5 APPPATH\Database\Migrations\2026-04-18-000006_AddShowTypeAndSchoolData.php(58): CodeIgniter\Database\BaseBuilder->get()
 6 SYSTEMPATH\Database\MigrationRunner.php(1014): App\Database\Migrations\AddShowTypeAndSchoolTeacherSaid->up()
 7 SYSTEMPATH\Database\MigrationRunner.php(202): CodeIgniter\Database\MigrationRunner->migrate('up', Object(stdClass))
 8 SYSTEMPATH\Commands\Database\Migrate.php(89): CodeIgniter\Database\MigrationRunner->latest(null)
 9 SYSTEMPATH\CLI\SignalTrait.php(245): CodeIgniter\Commands\Database\Migrate::CodeIgniter\Commands\Database\{closure}()
10 SYSTEMPATH\Commands\Database\Migrate.php(88): CodeIgniter\Commands\Database\Migrate->withSignalsBlocked(Object(Closure))
11 SYSTEMPATH\CLI\Commands.php(74): CodeIgniter\Commands\Database\Migrate->run([])
12 SYSTEMPATH\CLI\Console.php(47): CodeIgniter\CLI\Commands->run('migrate', [])
13 SYSTEMPATH\Boot.php(442): CodeIgniter\CLI\Console->run()
14 SYSTEMPATH\Boot.php(166): CodeIgniter\Boot::runCommand(Object(CodeIgniter\CLI\Console))
15 ROOTPATH\spark(87): CodeIgniter\Boot::bootSpark(Object(Config\Paths))
